[      88ms] [INFO] %cDownload the React DevTools for a better development experience: https://react.dev/link/react-devtools font-weight:bold @ http://localhost:3000/_next/static/chunks/node_modules_next_dist_1ybzpk2._.js:2477
[     159ms] [ERROR] Failed to load resource: the server responded with a status of 500 (Internal Server Error) @ http://localhost:3000/:0
[     288ms] [INFO] %cDownload the React DevTools for a better development experience: https://react.dev/link/react-devtools font-weight:bold @ http://localhost:3000/_next/static/chunks/node_modules_react-dom_0kla17-._.js:15305
[     338ms] Error: ./src/lib/db.ts:81:10
the name `StadiumState` is exported multiple times
  79 |
  80 | export type { StadiumTelemetry };
> 81 | export { StadiumState };
     |          ^^^^^^^^^^^^
  82 |
  83 | export async function getLatestLogs(limit = 5) {
  84 |   try {

Ecmascript file had an error

Import trace:
  App Route:
    ./src/lib/db.ts
    ./src/app/api/telemetry/route.ts


    at <unknown> (Error: ./src/lib/db.ts:81:10)
    at Object.getCompilationErrors (file:///home/hruthvik9487/Documents/quizoff/FIFA-APP/fifa-transit-app/node_modules/next/dist/server/dev/hot-reloader-turbopack.js:1186:59)
    at DevBundlerService.getCompilationError (file:///home/hruthvik9487/Documents/quizoff/FIFA-APP/fifa-transit-app/node_modules/next/dist/server/lib/dev-bundler-service.js:44:55)
    at DevServer.getCompilationError (file:///home/hruthvik9487/Documents/quizoff/FIFA-APP/fifa-transit-app/node_modules/next/dist/server/dev/next-dev-server.js:720:42)
    at DevServer.findPageComponents (file:///home/hruthvik9487/Documents/quizoff/FIFA-APP/fifa-transit-app/node_modules/next/dist/server/dev/next-dev-server.js:690:43)
    at async DevServer.renderErrorToResponseImpl (file:///home/hruthvik9487/Documents/quizoff/FIFA-APP/fifa-transit-app/node_modules/next/dist/server/base-server.js:1753:26)
[     338ms] [LOG] [HMR] connected @ http://localhost:3000/_next/static/chunks/node_modules_next_dist_1gdrd03._.js:1226
[     341ms] [ERROR] ./src/lib/db.ts:81:10
the name `StadiumState` is exported multiple times
  79 |
  80 | export type { StadiumTelemetry };
> 81 | export { StadiumState };
     |          ^^^^^^^^^^^^
  82 |
  83 | export async function getLatestLogs(limit = 5) {
  84 |   try {

Ecmascript file had an error

Import trace:
  App Route:
    ./src/lib/db.ts
    ./src/app/api/telemetry/route.ts @ http://localhost:3000/_next/static/chunks/node_modules_next_dist_1gdrd03._.js:1945
[     342ms] [ERROR] ./src/lib/db.ts:80:15
the name `StadiumTelemetry` is exported multiple times
  78 | }
  79 |
> 80 | export type { StadiumTelemetry };
     |               ^^^^^^^^^^^^^^^^
  81 | export { StadiumState };
  82 |
  83 | export async function getLatestLogs(limit = 5) {

Ecmascript file had an error

Import trace:
  App Route:
    ./src/lib/db.ts
    ./src/app/api/telemetry/route.ts @ http://localhost:3000/_next/static/chunks/node_modules_next_dist_1gdrd03._.js:1945
[     342ms] [ERROR] ./src/lib/db.ts:81:10
the name `StadiumState` is exported multiple times
  79 |
  80 | export type { StadiumTelemetry };
> 81 | export { StadiumState };
     |          ^^^^^^^^^^^^
  82 |
  83 | export async function getLatestLogs(limit = 5) {
  84 |   try {

Ecmascript file had an error

Import trace:
  App Route:
    ./src/lib/db.ts
    ./src/app/api/fan/queries/route.ts @ http://localhost:3000/_next/static/chunks/node_modules_next_dist_1gdrd03._.js:1945
[     342ms] [ERROR] ./src/lib/db.ts:80:15
the name `StadiumTelemetry` is exported multiple times
  78 | }
  79 |
> 80 | export type { StadiumTelemetry };
     |               ^^^^^^^^^^^^^^^^
  81 | export { StadiumState };
  82 |
  83 | export async function getLatestLogs(limit = 5) {

Ecmascript file had an error

Import trace:
  App Route:
    ./src/lib/db.ts
    ./src/app/api/fan/queries/route.ts @ http://localhost:3000/_next/static/chunks/node_modules_next_dist_1gdrd03._.js:1945
[     475ms] [LOG] [Fast Refresh] rebuilding @ http://localhost:3000/_next/static/chunks/node_modules_next_dist_1gdrd03._.js:1226
[     476ms] [ERROR] ./src/lib/db.ts:81:10
the name `StadiumState` is exported multiple times
  79 |
  80 | export type { StadiumTelemetry };
> 81 | export { StadiumState };
     |          ^^^^^^^^^^^^
  82 |
  83 | export async function getLatestLogs(limit = 5) {
  84 |   try {

Ecmascript file had an error

Import trace:
  App Route:
    ./src/lib/db.ts
    ./src/app/api/telemetry/route.ts @ http://localhost:3000/_next/static/chunks/node_modules_next_dist_1gdrd03._.js:1945
[     476ms] [ERROR] ./src/lib/db.ts:80:15
the name `StadiumTelemetry` is exported multiple times
  78 | }
  79 |
> 80 | export type { StadiumTelemetry };
     |               ^^^^^^^^^^^^^^^^
  81 | export { StadiumState };
  82 |
  83 | export async function getLatestLogs(limit = 5) {

Ecmascript file had an error

Import trace:
  App Route:
    ./src/lib/db.ts
    ./src/app/api/telemetry/route.ts @ http://localhost:3000/_next/static/chunks/node_modules_next_dist_1gdrd03._.js:1945
[    1395ms] [ERROR] ./src/lib/db.ts:81:10
the name `StadiumState` is exported multiple times
  79 |
  80 | export type { StadiumTelemetry };
> 81 | export { StadiumState };
     |          ^^^^^^^^^^^^
  82 |
  83 | export async function getLatestLogs(limit = 5) {
  84 |   try {

Ecmascript file had an error

Import trace:
  App Route:
    ./src/lib/db.ts
    ./src/app/api/telemetry/route.ts @ http://localhost:3000/_next/static/chunks/node_modules_next_dist_1gdrd03._.js:1945
[    1395ms] [ERROR] ./src/lib/db.ts:80:15
the name `StadiumTelemetry` is exported multiple times
  78 | }
  79 |
> 80 | export type { StadiumTelemetry };
     |               ^^^^^^^^^^^^^^^^
  81 | export { StadiumState };
  82 |
  83 | export async function getLatestLogs(limit = 5) {

Ecmascript file had an error

Import trace:
  App Route:
    ./src/lib/db.ts
    ./src/app/api/telemetry/route.ts @ http://localhost:3000/_next/static/chunks/node_modules_next_dist_1gdrd03._.js:1945
[    1457ms] [LOG] [Fast Refresh] rebuilding @ http://localhost:3000/_next/static/chunks/node_modules_next_dist_1gdrd03._.js:1226
