[     359ms] [INFO] %cDownload the React DevTools for a better development experience: https://react.dev/link/react-devtools font-weight:bold @ http://localhost:3000/_next/static/chunks/node_modules_next_dist_1ybzpk2._.js:2477
[     606ms] [LOG] [HMR] connected @ http://localhost:3000/_next/static/chunks/node_modules_next_dist_1ybzpk2._.js:2477
[    7674ms] [WARNING] Invalid keyframe value for property filter: blur(-0.03388px) @ http://localhost:3000/_next/static/chunks/node_modules_motion_dist_es_08jt_5r._.js:4462
[    7676ms] [WARNING] Invalid keyframe value for property filter: blur(-0.07179px) @ http://localhost:3000/_next/static/chunks/node_modules_motion_dist_es_08jt_5r._.js:4462
[    7676ms] [WARNING] Invalid keyframe value for property filter: blur(-0.09937px) @ http://localhost:3000/_next/static/chunks/node_modules_motion_dist_es_08jt_5r._.js:4462
[    7677ms] [WARNING] Invalid keyframe value for property filter: blur(-0.11838px) @ http://localhost:3000/_next/static/chunks/node_modules_motion_dist_es_08jt_5r._.js:4462
[    7677ms] [WARNING] Invalid keyframe value for property filter: blur(-0.13032px) @ http://localhost:3000/_next/static/chunks/node_modules_motion_dist_es_08jt_5r._.js:4462
[    7678ms] [WARNING] Invalid keyframe value for property filter: blur(-0.13656px) @ http://localhost:3000/_next/static/chunks/node_modules_motion_dist_es_08jt_5r._.js:4462
[    7678ms] [WARNING] Invalid keyframe value for property filter: blur(-0.13824px) @ http://localhost:3000/_next/static/chunks/node_modules_motion_dist_es_08jt_5r._.js:4462
[    7678ms] [WARNING] Invalid keyframe value for property filter: blur(-0.13639px) @ http://localhost:3000/_next/static/chunks/node_modules_motion_dist_es_08jt_5r._.js:4462
[    7679ms] [WARNING] Invalid keyframe value for property filter: blur(-0.13184px) @ http://localhost:3000/_next/static/chunks/node_modules_motion_dist_es_08jt_5r._.js:4462
[    7679ms] [WARNING] Invalid keyframe value for property filter: blur(-0.12532px) @ http://localhost:3000/_next/static/chunks/node_modules_motion_dist_es_08jt_5r._.js:4462
[    7679ms] [WARNING] Invalid keyframe value for property filter: blur(-0.11743px) @ http://localhost:3000/_next/static/chunks/node_modules_motion_dist_es_08jt_5r._.js:4462
[    7680ms] [WARNING] Invalid keyframe value for property filter: blur(-0.10866px) @ http://localhost:3000/_next/static/chunks/node_modules_motion_dist_es_08jt_5r._.js:4462
[    7680ms] [WARNING] Invalid keyframe value for property filter: blur(-0.09942px) @ http://localhost:3000/_next/static/chunks/node_modules_motion_dist_es_08jt_5r._.js:4462
[    7681ms] [WARNING] Invalid keyframe value for property filter: blur(-0.09003px) @ http://localhost:3000/_next/static/chunks/node_modules_motion_dist_es_08jt_5r._.js:4462
[    7681ms] [WARNING] Invalid keyframe value for property filter: blur(-0.08072px) @ http://localhost:3000/_next/static/chunks/node_modules_motion_dist_es_08jt_5r._.js:4462
[    7681ms] [WARNING] Invalid keyframe value for property filter: blur(-0.07171px) @ http://localhost:3000/_next/static/chunks/node_modules_motion_dist_es_08jt_5r._.js:4462
[    7682ms] [WARNING] Invalid keyframe value for property filter: blur(-0.06312px) @ http://localhost:3000/_next/static/chunks/node_modules_motion_dist_es_08jt_5r._.js:4462
[    7682ms] [WARNING] Invalid keyframe value for property filter: blur(-0.05505px) @ http://localhost:3000/_next/static/chunks/node_modules_motion_dist_es_08jt_5r._.js:4462
[    7683ms] [WARNING] Invalid keyframe value for property filter: blur(-0.04758px) @ http://localhost:3000/_next/static/chunks/node_modules_motion_dist_es_08jt_5r._.js:4462
[    7684ms] [WARNING] Invalid keyframe value for property filter: blur(-0.04072px) @ http://localhost:3000/_next/static/chunks/node_modules_motion_dist_es_08jt_5r._.js:4462
[    7685ms] [WARNING] Invalid keyframe value for property filter: blur(-0.03451px) @ http://localhost:3000/_next/static/chunks/node_modules_motion_dist_es_08jt_5r._.js:4462
[    7685ms] [WARNING] Invalid keyframe value for property filter: blur(-0.02893px) @ http://localhost:3000/_next/static/chunks/node_modules_motion_dist_es_08jt_5r._.js:4462
[    7686ms] [WARNING] Invalid keyframe value for property filter: blur(-0.02397px) @ http://localhost:3000/_next/static/chunks/node_modules_motion_dist_es_08jt_5r._.js:4462
[    7687ms] [WARNING] Invalid keyframe value for property filter: blur(-0.01959px) @ http://localhost:3000/_next/static/chunks/node_modules_motion_dist_es_08jt_5r._.js:4462
[    7687ms] [WARNING] Invalid keyframe value for property filter: blur(-0.01577px) @ http://localhost:3000/_next/static/chunks/node_modules_motion_dist_es_08jt_5r._.js:4462
[    7688ms] [WARNING] Invalid keyframe value for property filter: blur(-0.01247px) @ http://localhost:3000/_next/static/chunks/node_modules_motion_dist_es_08jt_5r._.js:4462
[    7689ms] [WARNING] Invalid keyframe value for property filter: blur(-0.00963px) @ http://localhost:3000/_next/static/chunks/node_modules_motion_dist_es_08jt_5r._.js:4462
[    7689ms] [WARNING] Invalid keyframe value for property filter: blur(-0.00723px) @ http://localhost:3000/_next/static/chunks/node_modules_motion_dist_es_08jt_5r._.js:4462
[    7727ms] [WARNING] Invalid keyframe value for property filter: blur(-0.03388px) @ http://localhost:3000/_next/static/chunks/node_modules_motion_dist_es_08jt_5r._.js:4462
[    7727ms] [WARNING] Invalid keyframe value for property filter: blur(-0.07179px) @ http://localhost:3000/_next/static/chunks/node_modules_motion_dist_es_08jt_5r._.js:4462
[    7727ms] [WARNING] Invalid keyframe value for property filter: blur(-0.09937px) @ http://localhost:3000/_next/static/chunks/node_modules_motion_dist_es_08jt_5r._.js:4462
[    7728ms] [WARNING] Invalid keyframe value for property filter: blur(-0.11838px) @ http://localhost:3000/_next/static/chunks/node_modules_motion_dist_es_08jt_5r._.js:4462
[    7728ms] [WARNING] Invalid keyframe value for property filter: blur(-0.13032px) @ http://localhost:3000/_next/static/chunks/node_modules_motion_dist_es_08jt_5r._.js:4462
[    7728ms] [WARNING] Invalid keyframe value for property filter: blur(-0.13656px) @ http://localhost:3000/_next/static/chunks/node_modules_motion_dist_es_08jt_5r._.js:4462
[    7728ms] [WARNING] Invalid keyframe value for property filter: blur(-0.13824px) @ http://localhost:3000/_next/static/chunks/node_modules_motion_dist_es_08jt_5r._.js:4462
[    7728ms] [WARNING] Invalid keyframe value for property filter: blur(-0.13639px) @ http://localhost:3000/_next/static/chunks/node_modules_motion_dist_es_08jt_5r._.js:4462
[    7728ms] [WARNING] Invalid keyframe value for property filter: blur(-0.13184px) @ http://localhost:3000/_next/static/chunks/node_modules_motion_dist_es_08jt_5r._.js:4462
[    7728ms] [WARNING] Invalid keyframe value for property filter: blur(-0.12532px) @ http://localhost:3000/_next/static/chunks/node_modules_motion_dist_es_08jt_5r._.js:4462
[    7728ms] [WARNING] Invalid keyframe value for property filter: blur(-0.11743px) @ http://localhost:3000/_next/static/chunks/node_modules_motion_dist_es_08jt_5r._.js:4462
[    7728ms] [WARNING] Invalid keyframe value for property filter: blur(-0.10866px) @ http://localhost:3000/_next/static/chunks/node_modules_motion_dist_es_08jt_5r._.js:4462
[    7728ms] [WARNING] Invalid keyframe value for property filter: blur(-0.09942px) @ http://localhost:3000/_next/static/chunks/node_modules_motion_dist_es_08jt_5r._.js:4462
[    7728ms] [WARNING] Invalid keyframe value for property filter: blur(-0.09003px) @ http://localhost:3000/_next/static/chunks/node_modules_motion_dist_es_08jt_5r._.js:4462
[    7729ms] [WARNING] Invalid keyframe value for property filter: blur(-0.08072px) @ http://localhost:3000/_next/static/chunks/node_modules_motion_dist_es_08jt_5r._.js:4462
[    7729ms] [WARNING] Invalid keyframe value for property filter: blur(-0.07171px) @ http://localhost:3000/_next/static/chunks/node_modules_motion_dist_es_08jt_5r._.js:4462
[    7729ms] [WARNING] Invalid keyframe value for property filter: blur(-0.06312px) @ http://localhost:3000/_next/static/chunks/node_modules_motion_dist_es_08jt_5r._.js:4462
[    7729ms] [WARNING] Invalid keyframe value for property filter: blur(-0.05505px) @ http://localhost:3000/_next/static/chunks/node_modules_motion_dist_es_08jt_5r._.js:4462
[    7729ms] [WARNING] Invalid keyframe value for property filter: blur(-0.04758px) @ http://localhost:3000/_next/static/chunks/node_modules_motion_dist_es_08jt_5r._.js:4462
[    7729ms] [WARNING] Invalid keyframe value for property filter: blur(-0.04072px) @ http://localhost:3000/_next/static/chunks/node_modules_motion_dist_es_08jt_5r._.js:4462
[    7729ms] [WARNING] Invalid keyframe value for property filter: blur(-0.03451px) @ http://localhost:3000/_next/static/chunks/node_modules_motion_dist_es_08jt_5r._.js:4462
[    7729ms] [WARNING] Invalid keyframe value for property filter: blur(-0.02893px) @ http://localhost:3000/_next/static/chunks/node_modules_motion_dist_es_08jt_5r._.js:4462
[    7730ms] [WARNING] Invalid keyframe value for property filter: blur(-0.02397px) @ http://localhost:3000/_next/static/chunks/node_modules_motion_dist_es_08jt_5r._.js:4462
[    7730ms] [WARNING] Invalid keyframe value for property filter: blur(-0.01959px) @ http://localhost:3000/_next/static/chunks/node_modules_motion_dist_es_08jt_5r._.js:4462
[    7730ms] [WARNING] Invalid keyframe value for property filter: blur(-0.01577px) @ http://localhost:3000/_next/static/chunks/node_modules_motion_dist_es_08jt_5r._.js:4462
[    7730ms] [WARNING] Invalid keyframe value for property filter: blur(-0.01247px) @ http://localhost:3000/_next/static/chunks/node_modules_motion_dist_es_08jt_5r._.js:4462
[    7730ms] [WARNING] Invalid keyframe value for property filter: blur(-0.00963px) @ http://localhost:3000/_next/static/chunks/node_modules_motion_dist_es_08jt_5r._.js:4462
[    7730ms] [WARNING] Invalid keyframe value for property filter: blur(-0.00723px) @ http://localhost:3000/_next/static/chunks/node_modules_motion_dist_es_08jt_5r._.js:4462
[    9341ms] [LOG] [Fast Refresh] rebuilding @ http://localhost:3000/_next/static/chunks/node_modules_next_dist_1ybzpk2._.js:2477
[    9383ms] [LOG] [Fast Refresh] done in 141ms @ http://localhost:3000/_next/static/chunks/node_modules_next_dist_1ybzpk2._.js:2477
[   53592ms] [WARNING] Invalid keyframe value for property filter: blur(-0.03388px) @ http://localhost:3000/_next/static/chunks/node_modules_motion_dist_es_08jt_5r._.js:4462
[   53597ms] [WARNING] Invalid keyframe value for property filter: blur(-0.07179px) @ http://localhost:3000/_next/static/chunks/node_modules_motion_dist_es_08jt_5r._.js:4462
[   53599ms] [WARNING] Invalid keyframe value for property filter: blur(-0.09937px) @ http://localhost:3000/_next/static/chunks/node_modules_motion_dist_es_08jt_5r._.js:4462
[   53600ms] [WARNING] Invalid keyframe value for property filter: blur(-0.11838px) @ http://localhost:3000/_next/static/chunks/node_modules_motion_dist_es_08jt_5r._.js:4462
[   53601ms] [WARNING] Invalid keyframe value for property filter: blur(-0.13032px) @ http://localhost:3000/_next/static/chunks/node_modules_motion_dist_es_08jt_5r._.js:4462
[   53602ms] [WARNING] Invalid keyframe value for property filter: blur(-0.13656px) @ http://localhost:3000/_next/static/chunks/node_modules_motion_dist_es_08jt_5r._.js:4462
[   53603ms] [WARNING] Invalid keyframe value for property filter: blur(-0.13824px) @ http://localhost:3000/_next/static/chunks/node_modules_motion_dist_es_08jt_5r._.js:4462
[   53604ms] [WARNING] Invalid keyframe value for property filter: blur(-0.13639px) @ http://localhost:3000/_next/static/chunks/node_modules_motion_dist_es_08jt_5r._.js:4462
[   53605ms] [WARNING] Invalid keyframe value for property filter: blur(-0.13184px) @ http://localhost:3000/_next/static/chunks/node_modules_motion_dist_es_08jt_5r._.js:4462
[   53606ms] [WARNING] Invalid keyframe value for property filter: blur(-0.12532px) @ http://localhost:3000/_next/static/chunks/node_modules_motion_dist_es_08jt_5r._.js:4462
[   53607ms] [WARNING] Invalid keyframe value for property filter: blur(-0.11743px) @ http://localhost:3000/_next/static/chunks/node_modules_motion_dist_es_08jt_5r._.js:4462
[   53608ms] [WARNING] Invalid keyframe value for property filter: blur(-0.10866px) @ http://localhost:3000/_next/static/chunks/node_modules_motion_dist_es_08jt_5r._.js:4462
[   53609ms] [WARNING] Invalid keyframe value for property filter: blur(-0.09942px) @ http://localhost:3000/_next/static/chunks/node_modules_motion_dist_es_08jt_5r._.js:4462
[   53609ms] [WARNING] Invalid keyframe value for property filter: blur(-0.09003px) @ http://localhost:3000/_next/static/chunks/node_modules_motion_dist_es_08jt_5r._.js:4462
[   53610ms] [WARNING] Invalid keyframe value for property filter: blur(-0.08072px) @ http://localhost:3000/_next/static/chunks/node_modules_motion_dist_es_08jt_5r._.js:4462
[   53611ms] [WARNING] Invalid keyframe value for property filter: blur(-0.07171px) @ http://localhost:3000/_next/static/chunks/node_modules_motion_dist_es_08jt_5r._.js:4462
[   53612ms] [WARNING] Invalid keyframe value for property filter: blur(-0.06312px) @ http://localhost:3000/_next/static/chunks/node_modules_motion_dist_es_08jt_5r._.js:4462
[   53613ms] [WARNING] Invalid keyframe value for property filter: blur(-0.05505px) @ http://localhost:3000/_next/static/chunks/node_modules_motion_dist_es_08jt_5r._.js:4462
[   53614ms] [WARNING] Invalid keyframe value for property filter: blur(-0.04758px) @ http://localhost:3000/_next/static/chunks/node_modules_motion_dist_es_08jt_5r._.js:4462
[   53615ms] [WARNING] Invalid keyframe value for property filter: blur(-0.04072px) @ http://localhost:3000/_next/static/chunks/node_modules_motion_dist_es_08jt_5r._.js:4462
[   53616ms] [WARNING] Invalid keyframe value for property filter: blur(-0.03451px) @ http://localhost:3000/_next/static/chunks/node_modules_motion_dist_es_08jt_5r._.js:4462
[   53617ms] [WARNING] Invalid keyframe value for property filter: blur(-0.02893px) @ http://localhost:3000/_next/static/chunks/node_modules_motion_dist_es_08jt_5r._.js:4462
[   53618ms] [WARNING] Invalid keyframe value for property filter: blur(-0.02397px) @ http://localhost:3000/_next/static/chunks/node_modules_motion_dist_es_08jt_5r._.js:4462
[   53618ms] [WARNING] Invalid keyframe value for property filter: blur(-0.01959px) @ http://localhost:3000/_next/static/chunks/node_modules_motion_dist_es_08jt_5r._.js:4462
[   53619ms] [WARNING] Invalid keyframe value for property filter: blur(-0.01577px) @ http://localhost:3000/_next/static/chunks/node_modules_motion_dist_es_08jt_5r._.js:4462
[   53620ms] [WARNING] Invalid keyframe value for property filter: blur(-0.01247px) @ http://localhost:3000/_next/static/chunks/node_modules_motion_dist_es_08jt_5r._.js:4462
[   53621ms] [WARNING] Invalid keyframe value for property filter: blur(-0.00963px) @ http://localhost:3000/_next/static/chunks/node_modules_motion_dist_es_08jt_5r._.js:4462
[   53622ms] [WARNING] Invalid keyframe value for property filter: blur(-0.00723px) @ http://localhost:3000/_next/static/chunks/node_modules_motion_dist_es_08jt_5r._.js:4462
[   53659ms] [WARNING] Invalid keyframe value for property filter: blur(-0.03388px) @ http://localhost:3000/_next/static/chunks/node_modules_motion_dist_es_08jt_5r._.js:4462
[   53659ms] [WARNING] Invalid keyframe value for property filter: blur(-0.07179px) @ http://localhost:3000/_next/static/chunks/node_modules_motion_dist_es_08jt_5r._.js:4462
[   53659ms] [WARNING] Invalid keyframe value for property filter: blur(-0.09937px) @ http://localhost:3000/_next/static/chunks/node_modules_motion_dist_es_08jt_5r._.js:4462
[   53659ms] [WARNING] Invalid keyframe value for property filter: blur(-0.11838px) @ http://localhost:3000/_next/static/chunks/node_modules_motion_dist_es_08jt_5r._.js:4462
[   53659ms] [WARNING] Invalid keyframe value for property filter: blur(-0.13032px) @ http://localhost:3000/_next/static/chunks/node_modules_motion_dist_es_08jt_5r._.js:4462
[   53660ms] [WARNING] Invalid keyframe value for property filter: blur(-0.13656px) @ http://localhost:3000/_next/static/chunks/node_modules_motion_dist_es_08jt_5r._.js:4462
[   53660ms] [WARNING] Invalid keyframe value for property filter: blur(-0.13824px) @ http://localhost:3000/_next/static/chunks/node_modules_motion_dist_es_08jt_5r._.js:4462
[   53660ms] [WARNING] Invalid keyframe value for property filter: blur(-0.13639px) @ http://localhost:3000/_next/static/chunks/node_modules_motion_dist_es_08jt_5r._.js:4462
[   53660ms] [WARNING] Invalid keyframe value for property filter: blur(-0.13184px) @ http://localhost:3000/_next/static/chunks/node_modules_motion_dist_es_08jt_5r._.js:4462
[   53660ms] [WARNING] Invalid keyframe value for property filter: blur(-0.12532px) @ http://localhost:3000/_next/static/chunks/node_modules_motion_dist_es_08jt_5r._.js:4462
[   53660ms] [WARNING] Invalid keyframe value for property filter: blur(-0.11743px) @ http://localhost:3000/_next/static/chunks/node_modules_motion_dist_es_08jt_5r._.js:4462
[   53660ms] [WARNING] Invalid keyframe value for property filter: blur(-0.10866px) @ http://localhost:3000/_next/static/chunks/node_modules_motion_dist_es_08jt_5r._.js:4462
[   53661ms] [WARNING] Invalid keyframe value for property filter: blur(-0.09942px) @ http://localhost:3000/_next/static/chunks/node_modules_motion_dist_es_08jt_5r._.js:4462
[   53661ms] [WARNING] Invalid keyframe value for property filter: blur(-0.09003px) @ http://localhost:3000/_next/static/chunks/node_modules_motion_dist_es_08jt_5r._.js:4462
[   53661ms] [WARNING] Invalid keyframe value for property filter: blur(-0.08072px) @ http://localhost:3000/_next/static/chunks/node_modules_motion_dist_es_08jt_5r._.js:4462
[   53661ms] [WARNING] Invalid keyframe value for property filter: blur(-0.07171px) @ http://localhost:3000/_next/static/chunks/node_modules_motion_dist_es_08jt_5r._.js:4462
[   53661ms] [WARNING] Invalid keyframe value for property filter: blur(-0.06312px) @ http://localhost:3000/_next/static/chunks/node_modules_motion_dist_es_08jt_5r._.js:4462
[   53661ms] [WARNING] Invalid keyframe value for property filter: blur(-0.05505px) @ http://localhost:3000/_next/static/chunks/node_modules_motion_dist_es_08jt_5r._.js:4462
[   53661ms] [WARNING] Invalid keyframe value for property filter: blur(-0.04758px) @ http://localhost:3000/_next/static/chunks/node_modules_motion_dist_es_08jt_5r._.js:4462
[   53662ms] [WARNING] Invalid keyframe value for property filter: blur(-0.04072px) @ http://localhost:3000/_next/static/chunks/node_modules_motion_dist_es_08jt_5r._.js:4462
[   53662ms] [WARNING] Invalid keyframe value for property filter: blur(-0.03451px) @ http://localhost:3000/_next/static/chunks/node_modules_motion_dist_es_08jt_5r._.js:4462
[   53662ms] [WARNING] Invalid keyframe value for property filter: blur(-0.02893px) @ http://localhost:3000/_next/static/chunks/node_modules_motion_dist_es_08jt_5r._.js:4462
[   53662ms] [WARNING] Invalid keyframe value for property filter: blur(-0.02397px) @ http://localhost:3000/_next/static/chunks/node_modules_motion_dist_es_08jt_5r._.js:4462
[   53662ms] [WARNING] Invalid keyframe value for property filter: blur(-0.01959px) @ http://localhost:3000/_next/static/chunks/node_modules_motion_dist_es_08jt_5r._.js:4462
[   53662ms] [WARNING] Invalid keyframe value for property filter: blur(-0.01577px) @ http://localhost:3000/_next/static/chunks/node_modules_motion_dist_es_08jt_5r._.js:4462
[   53662ms] [WARNING] Invalid keyframe value for property filter: blur(-0.01247px) @ http://localhost:3000/_next/static/chunks/node_modules_motion_dist_es_08jt_5r._.js:4462
[   53663ms] [WARNING] Invalid keyframe value for property filter: blur(-0.00963px) @ http://localhost:3000/_next/static/chunks/node_modules_motion_dist_es_08jt_5r._.js:4462
[   53663ms] [WARNING] Invalid keyframe value for property filter: blur(-0.00723px) @ http://localhost:3000/_next/static/chunks/node_modules_motion_dist_es_08jt_5r._.js:4462
[   53699ms] [LOG] [Fast Refresh] rebuilding @ http://localhost:3000/_next/static/chunks/node_modules_next_dist_1ybzpk2._.js:2477
[   53700ms] [LOG] [Fast Refresh] done in 221ms @ http://localhost:3000/_next/static/chunks/node_modules_next_dist_1ybzpk2._.js:2477
