[     369ms] [INFO] %cDownload the React DevTools for a better development experience: https://react.dev/link/react-devtools font-weight:bold @ http://localhost:3000/_next/static/chunks/node_modules_next_dist_1ybzpk2._.js:2477
[     488ms] [LOG] [HMR] connected @ http://localhost:3000/_next/static/chunks/node_modules_next_dist_1ybzpk2._.js:2477
[     610ms] [LOG] [Fast Refresh] rebuilding @ http://localhost:3000/_next/static/chunks/node_modules_next_dist_1ybzpk2._.js:2477
[     623ms] [LOG] [Fast Refresh] done in 113ms @ http://localhost:3000/_next/static/chunks/node_modules_next_dist_1ybzpk2._.js:2477
[    9973ms] [WARNING] Invalid keyframe value for property filter: blur(-0.03388px) @ http://localhost:3000/_next/static/chunks/node_modules_0io6gjh._.js:4689
[    9975ms] [WARNING] Invalid keyframe value for property filter: blur(-0.07179px) @ http://localhost:3000/_next/static/chunks/node_modules_0io6gjh._.js:4689
[    9975ms] [WARNING] Invalid keyframe value for property filter: blur(-0.09937px) @ http://localhost:3000/_next/static/chunks/node_modules_0io6gjh._.js:4689
[    9976ms] [WARNING] Invalid keyframe value for property filter: blur(-0.11838px) @ http://localhost:3000/_next/static/chunks/node_modules_0io6gjh._.js:4689
[    9976ms] [WARNING] Invalid keyframe value for property filter: blur(-0.13032px) @ http://localhost:3000/_next/static/chunks/node_modules_0io6gjh._.js:4689
[    9977ms] [WARNING] Invalid keyframe value for property filter: blur(-0.13656px) @ http://localhost:3000/_next/static/chunks/node_modules_0io6gjh._.js:4689
[    9977ms] [WARNING] Invalid keyframe value for property filter: blur(-0.13824px) @ http://localhost:3000/_next/static/chunks/node_modules_0io6gjh._.js:4689
[    9978ms] [WARNING] Invalid keyframe value for property filter: blur(-0.13639px) @ http://localhost:3000/_next/static/chunks/node_modules_0io6gjh._.js:4689
[    9978ms] [WARNING] Invalid keyframe value for property filter: blur(-0.13184px) @ http://localhost:3000/_next/static/chunks/node_modules_0io6gjh._.js:4689
[    9979ms] [WARNING] Invalid keyframe value for property filter: blur(-0.12532px) @ http://localhost:3000/_next/static/chunks/node_modules_0io6gjh._.js:4689
[    9979ms] [WARNING] Invalid keyframe value for property filter: blur(-0.11743px) @ http://localhost:3000/_next/static/chunks/node_modules_0io6gjh._.js:4689
[    9980ms] [WARNING] Invalid keyframe value for property filter: blur(-0.10866px) @ http://localhost:3000/_next/static/chunks/node_modules_0io6gjh._.js:4689
[    9980ms] [WARNING] Invalid keyframe value for property filter: blur(-0.09942px) @ http://localhost:3000/_next/static/chunks/node_modules_0io6gjh._.js:4689
[    9980ms] [WARNING] Invalid keyframe value for property filter: blur(-0.09003px) @ http://localhost:3000/_next/static/chunks/node_modules_0io6gjh._.js:4689
[    9981ms] [WARNING] Invalid keyframe value for property filter: blur(-0.08072px) @ http://localhost:3000/_next/static/chunks/node_modules_0io6gjh._.js:4689
[    9981ms] [WARNING] Invalid keyframe value for property filter: blur(-0.07171px) @ http://localhost:3000/_next/static/chunks/node_modules_0io6gjh._.js:4689
[    9982ms] [WARNING] Invalid keyframe value for property filter: blur(-0.06312px) @ http://localhost:3000/_next/static/chunks/node_modules_0io6gjh._.js:4689
[    9982ms] [WARNING] Invalid keyframe value for property filter: blur(-0.05505px) @ http://localhost:3000/_next/static/chunks/node_modules_0io6gjh._.js:4689
[    9983ms] [WARNING] Invalid keyframe value for property filter: blur(-0.04758px) @ http://localhost:3000/_next/static/chunks/node_modules_0io6gjh._.js:4689
[    9983ms] [WARNING] Invalid keyframe value for property filter: blur(-0.04072px) @ http://localhost:3000/_next/static/chunks/node_modules_0io6gjh._.js:4689
[    9984ms] [WARNING] Invalid keyframe value for property filter: blur(-0.03451px) @ http://localhost:3000/_next/static/chunks/node_modules_0io6gjh._.js:4689
[    9985ms] [WARNING] Invalid keyframe value for property filter: blur(-0.02893px) @ http://localhost:3000/_next/static/chunks/node_modules_0io6gjh._.js:4689
[    9985ms] [WARNING] Invalid keyframe value for property filter: blur(-0.02397px) @ http://localhost:3000/_next/static/chunks/node_modules_0io6gjh._.js:4689
[    9986ms] [WARNING] Invalid keyframe value for property filter: blur(-0.01959px) @ http://localhost:3000/_next/static/chunks/node_modules_0io6gjh._.js:4689
[    9986ms] [WARNING] Invalid keyframe value for property filter: blur(-0.01577px) @ http://localhost:3000/_next/static/chunks/node_modules_0io6gjh._.js:4689
[    9987ms] [WARNING] Invalid keyframe value for property filter: blur(-0.01247px) @ http://localhost:3000/_next/static/chunks/node_modules_0io6gjh._.js:4689
[    9987ms] [WARNING] Invalid keyframe value for property filter: blur(-0.00963px) @ http://localhost:3000/_next/static/chunks/node_modules_0io6gjh._.js:4689
[    9988ms] [WARNING] Invalid keyframe value for property filter: blur(-0.00723px) @ http://localhost:3000/_next/static/chunks/node_modules_0io6gjh._.js:4689
[   10009ms] [WARNING] Invalid keyframe value for property filter: blur(-0.03388px) @ http://localhost:3000/_next/static/chunks/node_modules_0io6gjh._.js:4689
[   10010ms] [WARNING] Invalid keyframe value for property filter: blur(-0.07179px) @ http://localhost:3000/_next/static/chunks/node_modules_0io6gjh._.js:4689
[   10010ms] [WARNING] Invalid keyframe value for property filter: blur(-0.09937px) @ http://localhost:3000/_next/static/chunks/node_modules_0io6gjh._.js:4689
[   10010ms] [WARNING] Invalid keyframe value for property filter: blur(-0.11838px) @ http://localhost:3000/_next/static/chunks/node_modules_0io6gjh._.js:4689
[   10010ms] [WARNING] Invalid keyframe value for property filter: blur(-0.13032px) @ http://localhost:3000/_next/static/chunks/node_modules_0io6gjh._.js:4689
[   10010ms] [WARNING] Invalid keyframe value for property filter: blur(-0.13656px) @ http://localhost:3000/_next/static/chunks/node_modules_0io6gjh._.js:4689
[   10010ms] [WARNING] Invalid keyframe value for property filter: blur(-0.13824px) @ http://localhost:3000/_next/static/chunks/node_modules_0io6gjh._.js:4689
[   10010ms] [WARNING] Invalid keyframe value for property filter: blur(-0.13639px) @ http://localhost:3000/_next/static/chunks/node_modules_0io6gjh._.js:4689
[   10010ms] [WARNING] Invalid keyframe value for property filter: blur(-0.13184px) @ http://localhost:3000/_next/static/chunks/node_modules_0io6gjh._.js:4689
[   10010ms] [WARNING] Invalid keyframe value for property filter: blur(-0.12532px) @ http://localhost:3000/_next/static/chunks/node_modules_0io6gjh._.js:4689
[   10010ms] [WARNING] Invalid keyframe value for property filter: blur(-0.11743px) @ http://localhost:3000/_next/static/chunks/node_modules_0io6gjh._.js:4689
[   10010ms] [WARNING] Invalid keyframe value for property filter: blur(-0.10866px) @ http://localhost:3000/_next/static/chunks/node_modules_0io6gjh._.js:4689
[   10010ms] [WARNING] Invalid keyframe value for property filter: blur(-0.09942px) @ http://localhost:3000/_next/static/chunks/node_modules_0io6gjh._.js:4689
[   10010ms] [WARNING] Invalid keyframe value for property filter: blur(-0.09003px) @ http://localhost:3000/_next/static/chunks/node_modules_0io6gjh._.js:4689
[   10010ms] [WARNING] Invalid keyframe value for property filter: blur(-0.08072px) @ http://localhost:3000/_next/static/chunks/node_modules_0io6gjh._.js:4689
[   10010ms] [WARNING] Invalid keyframe value for property filter: blur(-0.07171px) @ http://localhost:3000/_next/static/chunks/node_modules_0io6gjh._.js:4689
[   10010ms] [WARNING] Invalid keyframe value for property filter: blur(-0.06312px) @ http://localhost:3000/_next/static/chunks/node_modules_0io6gjh._.js:4689
[   10010ms] [WARNING] Invalid keyframe value for property filter: blur(-0.05505px) @ http://localhost:3000/_next/static/chunks/node_modules_0io6gjh._.js:4689
[   10010ms] [WARNING] Invalid keyframe value for property filter: blur(-0.04758px) @ http://localhost:3000/_next/static/chunks/node_modules_0io6gjh._.js:4689
[   10010ms] [WARNING] Invalid keyframe value for property filter: blur(-0.04072px) @ http://localhost:3000/_next/static/chunks/node_modules_0io6gjh._.js:4689
[   10010ms] [WARNING] Invalid keyframe value for property filter: blur(-0.03451px) @ http://localhost:3000/_next/static/chunks/node_modules_0io6gjh._.js:4689
[   10010ms] [WARNING] Invalid keyframe value for property filter: blur(-0.02893px) @ http://localhost:3000/_next/static/chunks/node_modules_0io6gjh._.js:4689
[   10010ms] [WARNING] Invalid keyframe value for property filter: blur(-0.02397px) @ http://localhost:3000/_next/static/chunks/node_modules_0io6gjh._.js:4689
[   10011ms] [WARNING] Invalid keyframe value for property filter: blur(-0.01959px) @ http://localhost:3000/_next/static/chunks/node_modules_0io6gjh._.js:4689
[   10011ms] [WARNING] Invalid keyframe value for property filter: blur(-0.01577px) @ http://localhost:3000/_next/static/chunks/node_modules_0io6gjh._.js:4689
[   10011ms] [WARNING] Invalid keyframe value for property filter: blur(-0.01247px) @ http://localhost:3000/_next/static/chunks/node_modules_0io6gjh._.js:4689
[   10011ms] [WARNING] Invalid keyframe value for property filter: blur(-0.00963px) @ http://localhost:3000/_next/static/chunks/node_modules_0io6gjh._.js:4689
[   10011ms] [WARNING] Invalid keyframe value for property filter: blur(-0.00723px) @ http://localhost:3000/_next/static/chunks/node_modules_0io6gjh._.js:4689
[   10119ms] [LOG] [Fast Refresh] rebuilding @ http://localhost:3000/_next/static/chunks/node_modules_next_dist_1ybzpk2._.js:2477
[   10207ms] [ERROR] ./src/lib/db.ts:81:10
the name `StadiumState` is exported multiple times
  79 |
  80 | export type { StadiumTelemetry };
> 81 | export { StadiumState };
     |          ^^^^^^^^^^^^
  82 |
  83 | export async function getLatestLogs(limit = 5) {
  84 |   try {

Ecmascript file had an error

Import trace:
  App Route:
    ./src/lib/db.ts
    ./src/app/api/telemetry/route.ts @ http://localhost:3000/_next/static/chunks/node_modules_next_dist_1ybzpk2._.js:3318
[   10208ms] [ERROR] ./src/lib/db.ts:80:15
the name `StadiumTelemetry` is exported multiple times
  78 | }
  79 |
> 80 | export type { StadiumTelemetry };
     |               ^^^^^^^^^^^^^^^^
  81 | export { StadiumState };
  82 |
  83 | export async function getLatestLogs(limit = 5) {

Ecmascript file had an error

Import trace:
  App Route:
    ./src/lib/db.ts
    ./src/app/api/telemetry/route.ts @ http://localhost:3000/_next/static/chunks/node_modules_next_dist_1ybzpk2._.js:3318
[   10308ms] [LOG] [Fast Refresh] rebuilding @ http://localhost:3000/_next/static/chunks/node_modules_next_dist_1ybzpk2._.js:2477
[   10972ms] [ERROR] ./src/lib/db.ts:81:10
the name `StadiumState` is exported multiple times
  79 |
  80 | export type { StadiumTelemetry };
> 81 | export { StadiumState };
     |          ^^^^^^^^^^^^
  82 |
  83 | export async function getLatestLogs(limit = 5) {
  84 |   try {

Ecmascript file had an error

Import trace:
  App Route:
    ./src/lib/db.ts
    ./src/app/api/telemetry/route.ts @ http://localhost:3000/_next/static/chunks/node_modules_next_dist_1ybzpk2._.js:3318
[   10972ms] [ERROR] ./src/lib/db.ts:80:15
the name `StadiumTelemetry` is exported multiple times
  78 | }
  79 |
> 80 | export type { StadiumTelemetry };
     |               ^^^^^^^^^^^^^^^^
  81 | export { StadiumState };
  82 |
  83 | export async function getLatestLogs(limit = 5) {

Ecmascript file had an error

Import trace:
  App Route:
    ./src/lib/db.ts
    ./src/app/api/telemetry/route.ts @ http://localhost:3000/_next/static/chunks/node_modules_next_dist_1ybzpk2._.js:3318
[   10973ms] [ERROR] Failed to load resource: the server responded with a status of 500 (Internal Server Error) @ http://localhost:3000/api/telemetry:0
[   10974ms] [ERROR] Failed to load resource: the server responded with a status of 500 (Internal Server Error) @ http://localhost:3000/api/fan/queries:0
[   10975ms] [ERROR] Failed to fetch fan telemetry: SyntaxError: Unexpected token '<', "<!DOCTYPE "... is not valid JSON @ http://localhost:3000/_next/static/chunks/node_modules_next_dist_1ybzpk2._.js:3318
[   10976ms] [ERROR] Failed to fetch logs: SyntaxError: Unexpected token '<', "<!DOCTYPE "... is not valid JSON @ http://localhost:3000/_next/static/chunks/node_modules_next_dist_1ybzpk2._.js:3318
[   10999ms] [ERROR] Failed to load resource: the server responded with a status of 500 (Internal Server Error) @ http://localhost:3000/api/fan/queries:0
[   10999ms] [ERROR] Failed to load resource: the server responded with a status of 500 (Internal Server Error) @ http://localhost:3000/api/telemetry:0
[   11000ms] [ERROR] Failed to fetch logs: SyntaxError: Unexpected token '<', "<!DOCTYPE "... is not valid JSON @ http://localhost:3000/_next/static/chunks/node_modules_next_dist_1ybzpk2._.js:3318
[   11001ms] [ERROR] Failed to fetch fan telemetry: SyntaxError: Unexpected token '<', "<!DOCTYPE "... is not valid JSON @ http://localhost:3000/_next/static/chunks/node_modules_next_dist_1ybzpk2._.js:3318
[   11042ms] [ERROR] ./src/lib/db.ts:81:10
the name `StadiumState` is exported multiple times
  79 |
  80 | export type { StadiumTelemetry };
> 81 | export { StadiumState };
     |          ^^^^^^^^^^^^
  82 |
  83 | export async function getLatestLogs(limit = 5) {
  84 |   try {

Ecmascript file had an error

Import trace:
  App Route:
    ./src/lib/db.ts
    ./src/app/api/telemetry/route.ts @ http://localhost:3000/_next/static/chunks/node_modules_next_dist_1ybzpk2._.js:3318
[   11042ms] [ERROR] ./src/lib/db.ts:80:15
the name `StadiumTelemetry` is exported multiple times
  78 | }
  79 |
> 80 | export type { StadiumTelemetry };
     |               ^^^^^^^^^^^^^^^^
  81 | export { StadiumState };
  82 |
  83 | export async function getLatestLogs(limit = 5) {

Ecmascript file had an error

Import trace:
  App Route:
    ./src/lib/db.ts
    ./src/app/api/telemetry/route.ts @ http://localhost:3000/_next/static/chunks/node_modules_next_dist_1ybzpk2._.js:3318
[   11079ms] [LOG] [Fast Refresh] rebuilding @ http://localhost:3000/_next/static/chunks/node_modules_next_dist_1ybzpk2._.js:2477
[   13787ms] [ERROR] ./src/lib/db.ts:81:10
the name `StadiumState` is exported multiple times
  79 |
  80 | export type { StadiumTelemetry };
> 81 | export { StadiumState };
     |          ^^^^^^^^^^^^
  82 |
  83 | export async function getLatestLogs(limit = 5) {
  84 |   try {

Ecmascript file had an error

Import trace:
  App Route:
    ./src/lib/db.ts
    ./src/app/api/telemetry/route.ts @ http://localhost:3000/_next/static/chunks/node_modules_next_dist_1ybzpk2._.js:3318
[   13787ms] [ERROR] ./src/lib/db.ts:80:15
the name `StadiumTelemetry` is exported multiple times
  78 | }
  79 |
> 80 | export type { StadiumTelemetry };
     |               ^^^^^^^^^^^^^^^^
  81 | export { StadiumState };
  82 |
  83 | export async function getLatestLogs(limit = 5) {

Ecmascript file had an error

Import trace:
  App Route:
    ./src/lib/db.ts
    ./src/app/api/telemetry/route.ts @ http://localhost:3000/_next/static/chunks/node_modules_next_dist_1ybzpk2._.js:3318
[   13850ms] [LOG] [Fast Refresh] rebuilding @ http://localhost:3000/_next/static/chunks/node_modules_next_dist_1ybzpk2._.js:2477
[   15025ms] [ERROR] Failed to load resource: the server responded with a status of 500 (Internal Server Error) @ http://localhost:3000/api/fan/queries:0
[   15026ms] [ERROR] Failed to fetch logs: SyntaxError: Unexpected token '<', "<!DOCTYPE "... is not valid JSON @ http://localhost:3000/_next/static/chunks/node_modules_next_dist_1ybzpk2._.js:3318
[   20032ms] [ERROR] Failed to load resource: the server responded with a status of 500 (Internal Server Error) @ http://localhost:3000/api/fan/queries:0
[   20040ms] [ERROR] Failed to fetch logs: SyntaxError: Unexpected token '<', "<!DOCTYPE "... is not valid JSON @ http://localhost:3000/_next/static/chunks/node_modules_next_dist_1ybzpk2._.js:3318
[   20041ms] [ERROR] Failed to load resource: the server responded with a status of 500 (Internal Server Error) @ http://localhost:3000/api/telemetry:0
[   20042ms] [ERROR] Failed to fetch fan telemetry: SyntaxError: Unexpected token '<', "<!DOCTYPE "... is not valid JSON @ http://localhost:3000/_next/static/chunks/node_modules_next_dist_1ybzpk2._.js:3318
[   25027ms] [ERROR] Failed to load resource: the server responded with a status of 500 (Internal Server Error) @ http://localhost:3000/api/fan/queries:0
[   25028ms] [ERROR] Failed to fetch logs: SyntaxError: Unexpected token '<', "<!DOCTYPE "... is not valid JSON @ http://localhost:3000/_next/static/chunks/node_modules_next_dist_1ybzpk2._.js:3318
[   30025ms] [ERROR] Failed to load resource: the server responded with a status of 500 (Internal Server Error) @ http://localhost:3000/api/fan/queries:0
[   30032ms] [ERROR] Failed to fetch logs: SyntaxError: Unexpected token '<', "<!DOCTYPE "... is not valid JSON @ http://localhost:3000/_next/static/chunks/node_modules_next_dist_1ybzpk2._.js:3318
[   30032ms] [ERROR] Failed to load resource: the server responded with a status of 500 (Internal Server Error) @ http://localhost:3000/api/telemetry:0
[   30033ms] [ERROR] Failed to fetch fan telemetry: SyntaxError: Unexpected token '<', "<!DOCTYPE "... is not valid JSON @ http://localhost:3000/_next/static/chunks/node_modules_next_dist_1ybzpk2._.js:3318
[   35027ms] [ERROR] Failed to load resource: the server responded with a status of 500 (Internal Server Error) @ http://localhost:3000/api/fan/queries:0
[   35028ms] [ERROR] Failed to fetch logs: SyntaxError: Unexpected token '<', "<!DOCTYPE "... is not valid JSON @ http://localhost:3000/_next/static/chunks/node_modules_next_dist_1ybzpk2._.js:3318
[   40029ms] [ERROR] Failed to load resource: the server responded with a status of 500 (Internal Server Error) @ http://localhost:3000/api/fan/queries:0
[   40030ms] [ERROR] Failed to fetch logs: SyntaxError: Unexpected token '<', "<!DOCTYPE "... is not valid JSON @ http://localhost:3000/_next/static/chunks/node_modules_next_dist_1ybzpk2._.js:3318
[   40038ms] [ERROR] Failed to load resource: the server responded with a status of 500 (Internal Server Error) @ http://localhost:3000/api/telemetry:0
[   40038ms] [ERROR] Failed to fetch fan telemetry: SyntaxError: Unexpected token '<', "<!DOCTYPE "... is not valid JSON @ http://localhost:3000/_next/static/chunks/node_modules_next_dist_1ybzpk2._.js:3318
[   45027ms] [ERROR] Failed to load resource: the server responded with a status of 500 (Internal Server Error) @ http://localhost:3000/api/fan/queries:0
[   45028ms] [ERROR] Failed to fetch logs: SyntaxError: Unexpected token '<', "<!DOCTYPE "... is not valid JSON @ http://localhost:3000/_next/static/chunks/node_modules_next_dist_1ybzpk2._.js:3318
[   50024ms] [ERROR] Failed to load resource: the server responded with a status of 500 (Internal Server Error) @ http://localhost:3000/api/fan/queries:0
[   50030ms] [ERROR] Failed to fetch logs: SyntaxError: Unexpected token '<', "<!DOCTYPE "... is not valid JSON @ http://localhost:3000/_next/static/chunks/node_modules_next_dist_1ybzpk2._.js:3318
[   50030ms] [ERROR] Failed to load resource: the server responded with a status of 500 (Internal Server Error) @ http://localhost:3000/api/telemetry:0
[   50031ms] [ERROR] Failed to fetch fan telemetry: SyntaxError: Unexpected token '<', "<!DOCTYPE "... is not valid JSON @ http://localhost:3000/_next/static/chunks/node_modules_next_dist_1ybzpk2._.js:3318
[   55029ms] [ERROR] Failed to load resource: the server responded with a status of 500 (Internal Server Error) @ http://localhost:3000/api/fan/queries:0
[   55029ms] [ERROR] Failed to fetch logs: SyntaxError: Unexpected token '<', "<!DOCTYPE "... is not valid JSON @ http://localhost:3000/_next/static/chunks/node_modules_next_dist_1ybzpk2._.js:3318
[   60032ms] [ERROR] Failed to load resource: the server responded with a status of 500 (Internal Server Error) @ http://localhost:3000/api/fan/queries:0
[   60032ms] [ERROR] Failed to load resource: the server responded with a status of 500 (Internal Server Error) @ http://localhost:3000/api/telemetry:0
[   60033ms] [ERROR] Failed to fetch fan telemetry: SyntaxError: Unexpected token '<', "<!DOCTYPE "... is not valid JSON @ http://localhost:3000/_next/static/chunks/node_modules_next_dist_1ybzpk2._.js:3318
[   60033ms] [ERROR] Failed to fetch logs: SyntaxError: Unexpected token '<', "<!DOCTYPE "... is not valid JSON @ http://localhost:3000/_next/static/chunks/node_modules_next_dist_1ybzpk2._.js:3318
[   65028ms] [ERROR] Failed to load resource: the server responded with a status of 500 (Internal Server Error) @ http://localhost:3000/api/fan/queries:0
[   65029ms] [ERROR] Failed to fetch logs: SyntaxError: Unexpected token '<', "<!DOCTYPE "... is not valid JSON @ http://localhost:3000/_next/static/chunks/node_modules_next_dist_1ybzpk2._.js:3318
[   70028ms] [ERROR] Failed to load resource: the server responded with a status of 500 (Internal Server Error) @ http://localhost:3000/api/fan/queries:0
[   70032ms] [ERROR] Failed to fetch logs: SyntaxError: Unexpected token '<', "<!DOCTYPE "... is not valid JSON @ http://localhost:3000/_next/static/chunks/node_modules_next_dist_1ybzpk2._.js:3318
[   70032ms] [ERROR] Failed to load resource: the server responded with a status of 500 (Internal Server Error) @ http://localhost:3000/api/telemetry:0
[   70033ms] [ERROR] Failed to fetch fan telemetry: SyntaxError: Unexpected token '<', "<!DOCTYPE "... is not valid JSON @ http://localhost:3000/_next/static/chunks/node_modules_next_dist_1ybzpk2._.js:3318
[   75025ms] [ERROR] Failed to load resource: the server responded with a status of 500 (Internal Server Error) @ http://localhost:3000/api/fan/queries:0
[   75026ms] [ERROR] Failed to fetch logs: SyntaxError: Unexpected token '<', "<!DOCTYPE "... is not valid JSON @ http://localhost:3000/_next/static/chunks/node_modules_next_dist_1ybzpk2._.js:3318
[   80031ms] [ERROR] Failed to load resource: the server responded with a status of 500 (Internal Server Error) @ http://localhost:3000/api/fan/queries:0
[   80037ms] [ERROR] Failed to fetch logs: SyntaxError: Unexpected token '<', "<!DOCTYPE "... is not valid JSON @ http://localhost:3000/_next/static/chunks/node_modules_next_dist_1ybzpk2._.js:3318
[   80038ms] [ERROR] Failed to load resource: the server responded with a status of 500 (Internal Server Error) @ http://localhost:3000/api/telemetry:0
[   80039ms] [ERROR] Failed to fetch fan telemetry: SyntaxError: Unexpected token '<', "<!DOCTYPE "... is not valid JSON @ http://localhost:3000/_next/static/chunks/node_modules_next_dist_1ybzpk2._.js:3318
[   85025ms] [ERROR] Failed to load resource: the server responded with a status of 500 (Internal Server Error) @ http://localhost:3000/api/fan/queries:0
[   85026ms] [ERROR] Failed to fetch logs: SyntaxError: Unexpected token '<', "<!DOCTYPE "... is not valid JSON @ http://localhost:3000/_next/static/chunks/node_modules_next_dist_1ybzpk2._.js:3318
[   90206ms] [ERROR] Failed to load resource: the server responded with a status of 500 (Internal Server Error) @ http://localhost:3000/api/fan/queries:0
[   90207ms] [ERROR] Failed to fetch logs: SyntaxError: Unexpected token '<', "<!DOCTYPE "... is not valid JSON @ http://localhost:3000/_next/static/chunks/node_modules_next_dist_1ybzpk2._.js:3318
