[     429ms] [INFO] %cDownload the React DevTools for a better development experience: https://react.dev/link/react-devtools font-weight:bold @ http://localhost:3000/_next/static/chunks/node_modules_next_dist_1ybzpk2._.js:2477
[     518ms] [LOG] [HMR] connected @ http://localhost:3000/_next/static/chunks/node_modules_next_dist_1ybzpk2._.js:2477
[   99510ms] [WARNING] Invalid keyframe value for property filter: blur(-0.03388px) @ http://localhost:3000/_next/static/chunks/node_modules_motion_dist_es_08jt_5r._.js:4462
[   99511ms] [WARNING] Invalid keyframe value for property filter: blur(-0.07179px) @ http://localhost:3000/_next/static/chunks/node_modules_motion_dist_es_08jt_5r._.js:4462
[   99511ms] [WARNING] Invalid keyframe value for property filter: blur(-0.09937px) @ http://localhost:3000/_next/static/chunks/node_modules_motion_dist_es_08jt_5r._.js:4462
[   99511ms] [WARNING] Invalid keyframe value for property filter: blur(-0.11838px) @ http://localhost:3000/_next/static/chunks/node_modules_motion_dist_es_08jt_5r._.js:4462
[   99511ms] [WARNING] Invalid keyframe value for property filter: blur(-0.13032px) @ http://localhost:3000/_next/static/chunks/node_modules_motion_dist_es_08jt_5r._.js:4462
[   99512ms] [WARNING] Invalid keyframe value for property filter: blur(-0.13656px) @ http://localhost:3000/_next/static/chunks/node_modules_motion_dist_es_08jt_5r._.js:4462
[   99512ms] [WARNING] Invalid keyframe value for property filter: blur(-0.13824px) @ http://localhost:3000/_next/static/chunks/node_modules_motion_dist_es_08jt_5r._.js:4462
[   99512ms] [WARNING] Invalid keyframe value for property filter: blur(-0.13639px) @ http://localhost:3000/_next/static/chunks/node_modules_motion_dist_es_08jt_5r._.js:4462
[   99512ms] [WARNING] Invalid keyframe value for property filter: blur(-0.13184px) @ http://localhost:3000/_next/static/chunks/node_modules_motion_dist_es_08jt_5r._.js:4462
[   99513ms] [WARNING] Invalid keyframe value for property filter: blur(-0.12532px) @ http://localhost:3000/_next/static/chunks/node_modules_motion_dist_es_08jt_5r._.js:4462
[   99513ms] [WARNING] Invalid keyframe value for property filter: blur(-0.11743px) @ http://localhost:3000/_next/static/chunks/node_modules_motion_dist_es_08jt_5r._.js:4462
[   99513ms] [WARNING] Invalid keyframe value for property filter: blur(-0.10866px) @ http://localhost:3000/_next/static/chunks/node_modules_motion_dist_es_08jt_5r._.js:4462
[   99513ms] [WARNING] Invalid keyframe value for property filter: blur(-0.09942px) @ http://localhost:3000/_next/static/chunks/node_modules_motion_dist_es_08jt_5r._.js:4462
[   99514ms] [WARNING] Invalid keyframe value for property filter: blur(-0.09003px) @ http://localhost:3000/_next/static/chunks/node_modules_motion_dist_es_08jt_5r._.js:4462
[   99514ms] [WARNING] Invalid keyframe value for property filter: blur(-0.08072px) @ http://localhost:3000/_next/static/chunks/node_modules_motion_dist_es_08jt_5r._.js:4462
[   99514ms] [WARNING] Invalid keyframe value for property filter: blur(-0.07171px) @ http://localhost:3000/_next/static/chunks/node_modules_motion_dist_es_08jt_5r._.js:4462
[   99515ms] [WARNING] Invalid keyframe value for property filter: blur(-0.06312px) @ http://localhost:3000/_next/static/chunks/node_modules_motion_dist_es_08jt_5r._.js:4462
[   99515ms] [WARNING] Invalid keyframe value for property filter: blur(-0.05505px) @ http://localhost:3000/_next/static/chunks/node_modules_motion_dist_es_08jt_5r._.js:4462
[   99515ms] [WARNING] Invalid keyframe value for property filter: blur(-0.04758px) @ http://localhost:3000/_next/static/chunks/node_modules_motion_dist_es_08jt_5r._.js:4462
[   99516ms] [WARNING] Invalid keyframe value for property filter: blur(-0.04072px) @ http://localhost:3000/_next/static/chunks/node_modules_motion_dist_es_08jt_5r._.js:4462
[   99516ms] [WARNING] Invalid keyframe value for property filter: blur(-0.03451px) @ http://localhost:3000/_next/static/chunks/node_modules_motion_dist_es_08jt_5r._.js:4462
[   99516ms] [WARNING] Invalid keyframe value for property filter: blur(-0.02893px) @ http://localhost:3000/_next/static/chunks/node_modules_motion_dist_es_08jt_5r._.js:4462
[   99516ms] [WARNING] Invalid keyframe value for property filter: blur(-0.02397px) @ http://localhost:3000/_next/static/chunks/node_modules_motion_dist_es_08jt_5r._.js:4462
[   99517ms] [WARNING] Invalid keyframe value for property filter: blur(-0.01959px) @ http://localhost:3000/_next/static/chunks/node_modules_motion_dist_es_08jt_5r._.js:4462
[   99517ms] [WARNING] Invalid keyframe value for property filter: blur(-0.01577px) @ http://localhost:3000/_next/static/chunks/node_modules_motion_dist_es_08jt_5r._.js:4462
[   99517ms] [WARNING] Invalid keyframe value for property filter: blur(-0.01247px) @ http://localhost:3000/_next/static/chunks/node_modules_motion_dist_es_08jt_5r._.js:4462
[   99517ms] [WARNING] Invalid keyframe value for property filter: blur(-0.00963px) @ http://localhost:3000/_next/static/chunks/node_modules_motion_dist_es_08jt_5r._.js:4462
[   99517ms] [WARNING] Invalid keyframe value for property filter: blur(-0.00723px) @ http://localhost:3000/_next/static/chunks/node_modules_motion_dist_es_08jt_5r._.js:4462
[   99530ms] [WARNING] Invalid keyframe value for property filter: blur(-0.03388px) @ http://localhost:3000/_next/static/chunks/node_modules_motion_dist_es_08jt_5r._.js:4462
[   99530ms] [WARNING] Invalid keyframe value for property filter: blur(-0.07179px) @ http://localhost:3000/_next/static/chunks/node_modules_motion_dist_es_08jt_5r._.js:4462
[   99530ms] [WARNING] Invalid keyframe value for property filter: blur(-0.09937px) @ http://localhost:3000/_next/static/chunks/node_modules_motion_dist_es_08jt_5r._.js:4462
[   99530ms] [WARNING] Invalid keyframe value for property filter: blur(-0.11838px) @ http://localhost:3000/_next/static/chunks/node_modules_motion_dist_es_08jt_5r._.js:4462
[   99530ms] [WARNING] Invalid keyframe value for property filter: blur(-0.13032px) @ http://localhost:3000/_next/static/chunks/node_modules_motion_dist_es_08jt_5r._.js:4462
[   99530ms] [WARNING] Invalid keyframe value for property filter: blur(-0.13656px) @ http://localhost:3000/_next/static/chunks/node_modules_motion_dist_es_08jt_5r._.js:4462
[   99530ms] [WARNING] Invalid keyframe value for property filter: blur(-0.13824px) @ http://localhost:3000/_next/static/chunks/node_modules_motion_dist_es_08jt_5r._.js:4462
[   99530ms] [WARNING] Invalid keyframe value for property filter: blur(-0.13639px) @ http://localhost:3000/_next/static/chunks/node_modules_motion_dist_es_08jt_5r._.js:4462
[   99530ms] [WARNING] Invalid keyframe value for property filter: blur(-0.13184px) @ http://localhost:3000/_next/static/chunks/node_modules_motion_dist_es_08jt_5r._.js:4462
[   99530ms] [WARNING] Invalid keyframe value for property filter: blur(-0.12532px) @ http://localhost:3000/_next/static/chunks/node_modules_motion_dist_es_08jt_5r._.js:4462
[   99530ms] [WARNING] Invalid keyframe value for property filter: blur(-0.11743px) @ http://localhost:3000/_next/static/chunks/node_modules_motion_dist_es_08jt_5r._.js:4462
[   99530ms] [WARNING] Invalid keyframe value for property filter: blur(-0.10866px) @ http://localhost:3000/_next/static/chunks/node_modules_motion_dist_es_08jt_5r._.js:4462
[   99530ms] [WARNING] Invalid keyframe value for property filter: blur(-0.09942px) @ http://localhost:3000/_next/static/chunks/node_modules_motion_dist_es_08jt_5r._.js:4462
[   99530ms] [WARNING] Invalid keyframe value for property filter: blur(-0.09003px) @ http://localhost:3000/_next/static/chunks/node_modules_motion_dist_es_08jt_5r._.js:4462
[   99530ms] [WARNING] Invalid keyframe value for property filter: blur(-0.08072px) @ http://localhost:3000/_next/static/chunks/node_modules_motion_dist_es_08jt_5r._.js:4462
[   99530ms] [WARNING] Invalid keyframe value for property filter: blur(-0.07171px) @ http://localhost:3000/_next/static/chunks/node_modules_motion_dist_es_08jt_5r._.js:4462
[   99530ms] [WARNING] Invalid keyframe value for property filter: blur(-0.06312px) @ http://localhost:3000/_next/static/chunks/node_modules_motion_dist_es_08jt_5r._.js:4462
[   99530ms] [WARNING] Invalid keyframe value for property filter: blur(-0.05505px) @ http://localhost:3000/_next/static/chunks/node_modules_motion_dist_es_08jt_5r._.js:4462
[   99530ms] [WARNING] Invalid keyframe value for property filter: blur(-0.04758px) @ http://localhost:3000/_next/static/chunks/node_modules_motion_dist_es_08jt_5r._.js:4462
[   99530ms] [WARNING] Invalid keyframe value for property filter: blur(-0.04072px) @ http://localhost:3000/_next/static/chunks/node_modules_motion_dist_es_08jt_5r._.js:4462
[   99530ms] [WARNING] Invalid keyframe value for property filter: blur(-0.03451px) @ http://localhost:3000/_next/static/chunks/node_modules_motion_dist_es_08jt_5r._.js:4462
[   99530ms] [WARNING] Invalid keyframe value for property filter: blur(-0.02893px) @ http://localhost:3000/_next/static/chunks/node_modules_motion_dist_es_08jt_5r._.js:4462
[   99530ms] [WARNING] Invalid keyframe value for property filter: blur(-0.02397px) @ http://localhost:3000/_next/static/chunks/node_modules_motion_dist_es_08jt_5r._.js:4462
[   99530ms] [WARNING] Invalid keyframe value for property filter: blur(-0.01959px) @ http://localhost:3000/_next/static/chunks/node_modules_motion_dist_es_08jt_5r._.js:4462
[   99530ms] [WARNING] Invalid keyframe value for property filter: blur(-0.01577px) @ http://localhost:3000/_next/static/chunks/node_modules_motion_dist_es_08jt_5r._.js:4462
[   99530ms] [WARNING] Invalid keyframe value for property filter: blur(-0.01247px) @ http://localhost:3000/_next/static/chunks/node_modules_motion_dist_es_08jt_5r._.js:4462
[   99530ms] [WARNING] Invalid keyframe value for property filter: blur(-0.00963px) @ http://localhost:3000/_next/static/chunks/node_modules_motion_dist_es_08jt_5r._.js:4462
[   99530ms] [WARNING] Invalid keyframe value for property filter: blur(-0.00723px) @ http://localhost:3000/_next/static/chunks/node_modules_motion_dist_es_08jt_5r._.js:4462
[   99635ms] [LOG] [Fast Refresh] rebuilding @ http://localhost:3000/_next/static/chunks/node_modules_next_dist_1ybzpk2._.js:2477
[   99781ms] [LOG] [Fast Refresh] done in 243ms @ http://localhost:3000/_next/static/chunks/node_modules_next_dist_1ybzpk2._.js:2477
[  124629ms] [WARNING] Invalid keyframe value for property filter: blur(-0.03388px) @ http://localhost:3000/_next/static/chunks/node_modules_motion_dist_es_08jt_5r._.js:4462
[  124630ms] [WARNING] Invalid keyframe value for property filter: blur(-0.07179px) @ http://localhost:3000/_next/static/chunks/node_modules_motion_dist_es_08jt_5r._.js:4462
[  124630ms] [WARNING] Invalid keyframe value for property filter: blur(-0.09937px) @ http://localhost:3000/_next/static/chunks/node_modules_motion_dist_es_08jt_5r._.js:4462
[  124630ms] [WARNING] Invalid keyframe value for property filter: blur(-0.11838px) @ http://localhost:3000/_next/static/chunks/node_modules_motion_dist_es_08jt_5r._.js:4462
[  124631ms] [WARNING] Invalid keyframe value for property filter: blur(-0.13032px) @ http://localhost:3000/_next/static/chunks/node_modules_motion_dist_es_08jt_5r._.js:4462
[  124631ms] [WARNING] Invalid keyframe value for property filter: blur(-0.13656px) @ http://localhost:3000/_next/static/chunks/node_modules_motion_dist_es_08jt_5r._.js:4462
[  124631ms] [WARNING] Invalid keyframe value for property filter: blur(-0.13824px) @ http://localhost:3000/_next/static/chunks/node_modules_motion_dist_es_08jt_5r._.js:4462
[  124631ms] [WARNING] Invalid keyframe value for property filter: blur(-0.13639px) @ http://localhost:3000/_next/static/chunks/node_modules_motion_dist_es_08jt_5r._.js:4462
[  124631ms] [WARNING] Invalid keyframe value for property filter: blur(-0.13184px) @ http://localhost:3000/_next/static/chunks/node_modules_motion_dist_es_08jt_5r._.js:4462
[  124631ms] [WARNING] Invalid keyframe value for property filter: blur(-0.12532px) @ http://localhost:3000/_next/static/chunks/node_modules_motion_dist_es_08jt_5r._.js:4462
[  124631ms] [WARNING] Invalid keyframe value for property filter: blur(-0.11743px) @ http://localhost:3000/_next/static/chunks/node_modules_motion_dist_es_08jt_5r._.js:4462
[  124632ms] [WARNING] Invalid keyframe value for property filter: blur(-0.10866px) @ http://localhost:3000/_next/static/chunks/node_modules_motion_dist_es_08jt_5r._.js:4462
[  124632ms] [WARNING] Invalid keyframe value for property filter: blur(-0.09942px) @ http://localhost:3000/_next/static/chunks/node_modules_motion_dist_es_08jt_5r._.js:4462
[  124632ms] [WARNING] Invalid keyframe value for property filter: blur(-0.09003px) @ http://localhost:3000/_next/static/chunks/node_modules_motion_dist_es_08jt_5r._.js:4462
[  124632ms] [WARNING] Invalid keyframe value for property filter: blur(-0.08072px) @ http://localhost:3000/_next/static/chunks/node_modules_motion_dist_es_08jt_5r._.js:4462
[  124632ms] [WARNING] Invalid keyframe value for property filter: blur(-0.07171px) @ http://localhost:3000/_next/static/chunks/node_modules_motion_dist_es_08jt_5r._.js:4462
[  124632ms] [WARNING] Invalid keyframe value for property filter: blur(-0.06312px) @ http://localhost:3000/_next/static/chunks/node_modules_motion_dist_es_08jt_5r._.js:4462
[  124632ms] [WARNING] Invalid keyframe value for property filter: blur(-0.05505px) @ http://localhost:3000/_next/static/chunks/node_modules_motion_dist_es_08jt_5r._.js:4462
[  124633ms] [WARNING] Invalid keyframe value for property filter: blur(-0.04758px) @ http://localhost:3000/_next/static/chunks/node_modules_motion_dist_es_08jt_5r._.js:4462
[  124633ms] [WARNING] Invalid keyframe value for property filter: blur(-0.04072px) @ http://localhost:3000/_next/static/chunks/node_modules_motion_dist_es_08jt_5r._.js:4462
[  124633ms] [WARNING] Invalid keyframe value for property filter: blur(-0.03451px) @ http://localhost:3000/_next/static/chunks/node_modules_motion_dist_es_08jt_5r._.js:4462
[  124633ms] [WARNING] Invalid keyframe value for property filter: blur(-0.02893px) @ http://localhost:3000/_next/static/chunks/node_modules_motion_dist_es_08jt_5r._.js:4462
[  124634ms] [WARNING] Invalid keyframe value for property filter: blur(-0.02397px) @ http://localhost:3000/_next/static/chunks/node_modules_motion_dist_es_08jt_5r._.js:4462
[  124635ms] [WARNING] Invalid keyframe value for property filter: blur(-0.01959px) @ http://localhost:3000/_next/static/chunks/node_modules_motion_dist_es_08jt_5r._.js:4462
[  124635ms] [WARNING] Invalid keyframe value for property filter: blur(-0.01577px) @ http://localhost:3000/_next/static/chunks/node_modules_motion_dist_es_08jt_5r._.js:4462
[  124636ms] [WARNING] Invalid keyframe value for property filter: blur(-0.01247px) @ http://localhost:3000/_next/static/chunks/node_modules_motion_dist_es_08jt_5r._.js:4462
[  124636ms] [WARNING] Invalid keyframe value for property filter: blur(-0.00963px) @ http://localhost:3000/_next/static/chunks/node_modules_motion_dist_es_08jt_5r._.js:4462
[  124637ms] [WARNING] Invalid keyframe value for property filter: blur(-0.00723px) @ http://localhost:3000/_next/static/chunks/node_modules_motion_dist_es_08jt_5r._.js:4462
[  124660ms] [WARNING] Invalid keyframe value for property filter: blur(-0.03388px) @ http://localhost:3000/_next/static/chunks/node_modules_motion_dist_es_08jt_5r._.js:4462
[  124661ms] [WARNING] Invalid keyframe value for property filter: blur(-0.07179px) @ http://localhost:3000/_next/static/chunks/node_modules_motion_dist_es_08jt_5r._.js:4462
[  124661ms] [WARNING] Invalid keyframe value for property filter: blur(-0.09937px) @ http://localhost:3000/_next/static/chunks/node_modules_motion_dist_es_08jt_5r._.js:4462
[  124661ms] [WARNING] Invalid keyframe value for property filter: blur(-0.11838px) @ http://localhost:3000/_next/static/chunks/node_modules_motion_dist_es_08jt_5r._.js:4462
[  124661ms] [WARNING] Invalid keyframe value for property filter: blur(-0.13032px) @ http://localhost:3000/_next/static/chunks/node_modules_motion_dist_es_08jt_5r._.js:4462
[  124661ms] [WARNING] Invalid keyframe value for property filter: blur(-0.13656px) @ http://localhost:3000/_next/static/chunks/node_modules_motion_dist_es_08jt_5r._.js:4462
[  124661ms] [WARNING] Invalid keyframe value for property filter: blur(-0.13824px) @ http://localhost:3000/_next/static/chunks/node_modules_motion_dist_es_08jt_5r._.js:4462
[  124661ms] [WARNING] Invalid keyframe value for property filter: blur(-0.13639px) @ http://localhost:3000/_next/static/chunks/node_modules_motion_dist_es_08jt_5r._.js:4462
[  124661ms] [WARNING] Invalid keyframe value for property filter: blur(-0.13184px) @ http://localhost:3000/_next/static/chunks/node_modules_motion_dist_es_08jt_5r._.js:4462
[  124661ms] [WARNING] Invalid keyframe value for property filter: blur(-0.12532px) @ http://localhost:3000/_next/static/chunks/node_modules_motion_dist_es_08jt_5r._.js:4462
[  124661ms] [WARNING] Invalid keyframe value for property filter: blur(-0.11743px) @ http://localhost:3000/_next/static/chunks/node_modules_motion_dist_es_08jt_5r._.js:4462
[  124661ms] [WARNING] Invalid keyframe value for property filter: blur(-0.10866px) @ http://localhost:3000/_next/static/chunks/node_modules_motion_dist_es_08jt_5r._.js:4462
[  124661ms] [WARNING] Invalid keyframe value for property filter: blur(-0.09942px) @ http://localhost:3000/_next/static/chunks/node_modules_motion_dist_es_08jt_5r._.js:4462
[  124661ms] [WARNING] Invalid keyframe value for property filter: blur(-0.09003px) @ http://localhost:3000/_next/static/chunks/node_modules_motion_dist_es_08jt_5r._.js:4462
[  124661ms] [WARNING] Invalid keyframe value for property filter: blur(-0.08072px) @ http://localhost:3000/_next/static/chunks/node_modules_motion_dist_es_08jt_5r._.js:4462
[  124661ms] [WARNING] Invalid keyframe value for property filter: blur(-0.07171px) @ http://localhost:3000/_next/static/chunks/node_modules_motion_dist_es_08jt_5r._.js:4462
[  124661ms] [WARNING] Invalid keyframe value for property filter: blur(-0.06312px) @ http://localhost:3000/_next/static/chunks/node_modules_motion_dist_es_08jt_5r._.js:4462
[  124661ms] [WARNING] Invalid keyframe value for property filter: blur(-0.05505px) @ http://localhost:3000/_next/static/chunks/node_modules_motion_dist_es_08jt_5r._.js:4462
[  124661ms] [WARNING] Invalid keyframe value for property filter: blur(-0.04758px) @ http://localhost:3000/_next/static/chunks/node_modules_motion_dist_es_08jt_5r._.js:4462
[  124662ms] [WARNING] Invalid keyframe value for property filter: blur(-0.04072px) @ http://localhost:3000/_next/static/chunks/node_modules_motion_dist_es_08jt_5r._.js:4462
[  124662ms] [WARNING] Invalid keyframe value for property filter: blur(-0.03451px) @ http://localhost:3000/_next/static/chunks/node_modules_motion_dist_es_08jt_5r._.js:4462
[  124662ms] [WARNING] Invalid keyframe value for property filter: blur(-0.02893px) @ http://localhost:3000/_next/static/chunks/node_modules_motion_dist_es_08jt_5r._.js:4462
[  124662ms] [WARNING] Invalid keyframe value for property filter: blur(-0.02397px) @ http://localhost:3000/_next/static/chunks/node_modules_motion_dist_es_08jt_5r._.js:4462
[  124662ms] [WARNING] Invalid keyframe value for property filter: blur(-0.01959px) @ http://localhost:3000/_next/static/chunks/node_modules_motion_dist_es_08jt_5r._.js:4462
[  124662ms] [WARNING] Invalid keyframe value for property filter: blur(-0.01577px) @ http://localhost:3000/_next/static/chunks/node_modules_motion_dist_es_08jt_5r._.js:4462
[  124662ms] [WARNING] Invalid keyframe value for property filter: blur(-0.01247px) @ http://localhost:3000/_next/static/chunks/node_modules_motion_dist_es_08jt_5r._.js:4462
[  124662ms] [WARNING] Invalid keyframe value for property filter: blur(-0.00963px) @ http://localhost:3000/_next/static/chunks/node_modules_motion_dist_es_08jt_5r._.js:4462
[  124662ms] [WARNING] Invalid keyframe value for property filter: blur(-0.00723px) @ http://localhost:3000/_next/static/chunks/node_modules_motion_dist_es_08jt_5r._.js:4462
[ 1071942ms] [WARNING] Invalid keyframe value for property filter: blur(-0.03388px) @ http://localhost:3000/_next/static/chunks/node_modules_motion_dist_es_08jt_5r._.js:4462
[ 1071943ms] [WARNING] Invalid keyframe value for property filter: blur(-0.07179px) @ http://localhost:3000/_next/static/chunks/node_modules_motion_dist_es_08jt_5r._.js:4462
[ 1071943ms] [WARNING] Invalid keyframe value for property filter: blur(-0.09937px) @ http://localhost:3000/_next/static/chunks/node_modules_motion_dist_es_08jt_5r._.js:4462
[ 1071943ms] [WARNING] Invalid keyframe value for property filter: blur(-0.11838px) @ http://localhost:3000/_next/static/chunks/node_modules_motion_dist_es_08jt_5r._.js:4462
[ 1071944ms] [WARNING] Invalid keyframe value for property filter: blur(-0.13032px) @ http://localhost:3000/_next/static/chunks/node_modules_motion_dist_es_08jt_5r._.js:4462
[ 1071944ms] [WARNING] Invalid keyframe value for property filter: blur(-0.13656px) @ http://localhost:3000/_next/static/chunks/node_modules_motion_dist_es_08jt_5r._.js:4462
[ 1071944ms] [WARNING] Invalid keyframe value for property filter: blur(-0.13824px) @ http://localhost:3000/_next/static/chunks/node_modules_motion_dist_es_08jt_5r._.js:4462
[ 1071944ms] [WARNING] Invalid keyframe value for property filter: blur(-0.13639px) @ http://localhost:3000/_next/static/chunks/node_modules_motion_dist_es_08jt_5r._.js:4462
[ 1071944ms] [WARNING] Invalid keyframe value for property filter: blur(-0.13184px) @ http://localhost:3000/_next/static/chunks/node_modules_motion_dist_es_08jt_5r._.js:4462
[ 1071945ms] [WARNING] Invalid keyframe value for property filter: blur(-0.12532px) @ http://localhost:3000/_next/static/chunks/node_modules_motion_dist_es_08jt_5r._.js:4462
[ 1071945ms] [WARNING] Invalid keyframe value for property filter: blur(-0.11743px) @ http://localhost:3000/_next/static/chunks/node_modules_motion_dist_es_08jt_5r._.js:4462
[ 1071945ms] [WARNING] Invalid keyframe value for property filter: blur(-0.10866px) @ http://localhost:3000/_next/static/chunks/node_modules_motion_dist_es_08jt_5r._.js:4462
[ 1071946ms] [WARNING] Invalid keyframe value for property filter: blur(-0.09942px) @ http://localhost:3000/_next/static/chunks/node_modules_motion_dist_es_08jt_5r._.js:4462
[ 1071946ms] [WARNING] Invalid keyframe value for property filter: blur(-0.09003px) @ http://localhost:3000/_next/static/chunks/node_modules_motion_dist_es_08jt_5r._.js:4462
[ 1071946ms] [WARNING] Invalid keyframe value for property filter: blur(-0.08072px) @ http://localhost:3000/_next/static/chunks/node_modules_motion_dist_es_08jt_5r._.js:4462
[ 1071947ms] [WARNING] Invalid keyframe value for property filter: blur(-0.07171px) @ http://localhost:3000/_next/static/chunks/node_modules_motion_dist_es_08jt_5r._.js:4462
[ 1071947ms] [WARNING] Invalid keyframe value for property filter: blur(-0.06312px) @ http://localhost:3000/_next/static/chunks/node_modules_motion_dist_es_08jt_5r._.js:4462
[ 1071947ms] [WARNING] Invalid keyframe value for property filter: blur(-0.05505px) @ http://localhost:3000/_next/static/chunks/node_modules_motion_dist_es_08jt_5r._.js:4462
[ 1071947ms] [WARNING] Invalid keyframe value for property filter: blur(-0.04758px) @ http://localhost:3000/_next/static/chunks/node_modules_motion_dist_es_08jt_5r._.js:4462
[ 1071948ms] [WARNING] Invalid keyframe value for property filter: blur(-0.04072px) @ http://localhost:3000/_next/static/chunks/node_modules_motion_dist_es_08jt_5r._.js:4462
[ 1071948ms] [WARNING] Invalid keyframe value for property filter: blur(-0.03451px) @ http://localhost:3000/_next/static/chunks/node_modules_motion_dist_es_08jt_5r._.js:4462
[ 1071948ms] [WARNING] Invalid keyframe value for property filter: blur(-0.02893px) @ http://localhost:3000/_next/static/chunks/node_modules_motion_dist_es_08jt_5r._.js:4462
[ 1071949ms] [WARNING] Invalid keyframe value for property filter: blur(-0.02397px) @ http://localhost:3000/_next/static/chunks/node_modules_motion_dist_es_08jt_5r._.js:4462
[ 1071949ms] [WARNING] Invalid keyframe value for property filter: blur(-0.01959px) @ http://localhost:3000/_next/static/chunks/node_modules_motion_dist_es_08jt_5r._.js:4462
[ 1071949ms] [WARNING] Invalid keyframe value for property filter: blur(-0.01577px) @ http://localhost:3000/_next/static/chunks/node_modules_motion_dist_es_08jt_5r._.js:4462
[ 1071949ms] [WARNING] Invalid keyframe value for property filter: blur(-0.01247px) @ http://localhost:3000/_next/static/chunks/node_modules_motion_dist_es_08jt_5r._.js:4462
[ 1071950ms] [WARNING] Invalid keyframe value for property filter: blur(-0.00963px) @ http://localhost:3000/_next/static/chunks/node_modules_motion_dist_es_08jt_5r._.js:4462
[ 1071950ms] [WARNING] Invalid keyframe value for property filter: blur(-0.00723px) @ http://localhost:3000/_next/static/chunks/node_modules_motion_dist_es_08jt_5r._.js:4462
[ 1071963ms] [WARNING] Invalid keyframe value for property filter: blur(-0.03388px) @ http://localhost:3000/_next/static/chunks/node_modules_motion_dist_es_08jt_5r._.js:4462
[ 1071964ms] [WARNING] Invalid keyframe value for property filter: blur(-0.07179px) @ http://localhost:3000/_next/static/chunks/node_modules_motion_dist_es_08jt_5r._.js:4462
[ 1071964ms] [WARNING] Invalid keyframe value for property filter: blur(-0.09937px) @ http://localhost:3000/_next/static/chunks/node_modules_motion_dist_es_08jt_5r._.js:4462
[ 1071964ms] [WARNING] Invalid keyframe value for property filter: blur(-0.11838px) @ http://localhost:3000/_next/static/chunks/node_modules_motion_dist_es_08jt_5r._.js:4462
[ 1071964ms] [WARNING] Invalid keyframe value for property filter: blur(-0.13032px) @ http://localhost:3000/_next/static/chunks/node_modules_motion_dist_es_08jt_5r._.js:4462
[ 1071964ms] [WARNING] Invalid keyframe value for property filter: blur(-0.13656px) @ http://localhost:3000/_next/static/chunks/node_modules_motion_dist_es_08jt_5r._.js:4462
[ 1071964ms] [WARNING] Invalid keyframe value for property filter: blur(-0.13824px) @ http://localhost:3000/_next/static/chunks/node_modules_motion_dist_es_08jt_5r._.js:4462
[ 1071964ms] [WARNING] Invalid keyframe value for property filter: blur(-0.13639px) @ http://localhost:3000/_next/static/chunks/node_modules_motion_dist_es_08jt_5r._.js:4462
[ 1071964ms] [WARNING] Invalid keyframe value for property filter: blur(-0.13184px) @ http://localhost:3000/_next/static/chunks/node_modules_motion_dist_es_08jt_5r._.js:4462
[ 1071964ms] [WARNING] Invalid keyframe value for property filter: blur(-0.12532px) @ http://localhost:3000/_next/static/chunks/node_modules_motion_dist_es_08jt_5r._.js:4462
[ 1071964ms] [WARNING] Invalid keyframe value for property filter: blur(-0.11743px) @ http://localhost:3000/_next/static/chunks/node_modules_motion_dist_es_08jt_5r._.js:4462
[ 1071964ms] [WARNING] Invalid keyframe value for property filter: blur(-0.10866px) @ http://localhost:3000/_next/static/chunks/node_modules_motion_dist_es_08jt_5r._.js:4462
[ 1071964ms] [WARNING] Invalid keyframe value for property filter: blur(-0.09942px) @ http://localhost:3000/_next/static/chunks/node_modules_motion_dist_es_08jt_5r._.js:4462
[ 1071964ms] [WARNING] Invalid keyframe value for property filter: blur(-0.09003px) @ http://localhost:3000/_next/static/chunks/node_modules_motion_dist_es_08jt_5r._.js:4462
[ 1071964ms] [WARNING] Invalid keyframe value for property filter: blur(-0.08072px) @ http://localhost:3000/_next/static/chunks/node_modules_motion_dist_es_08jt_5r._.js:4462
[ 1071964ms] [WARNING] Invalid keyframe value for property filter: blur(-0.07171px) @ http://localhost:3000/_next/static/chunks/node_modules_motion_dist_es_08jt_5r._.js:4462
[ 1071964ms] [WARNING] Invalid keyframe value for property filter: blur(-0.06312px) @ http://localhost:3000/_next/static/chunks/node_modules_motion_dist_es_08jt_5r._.js:4462
[ 1071964ms] [WARNING] Invalid keyframe value for property filter: blur(-0.05505px) @ http://localhost:3000/_next/static/chunks/node_modules_motion_dist_es_08jt_5r._.js:4462
[ 1071964ms] [WARNING] Invalid keyframe value for property filter: blur(-0.04758px) @ http://localhost:3000/_next/static/chunks/node_modules_motion_dist_es_08jt_5r._.js:4462
[ 1071964ms] [WARNING] Invalid keyframe value for property filter: blur(-0.04072px) @ http://localhost:3000/_next/static/chunks/node_modules_motion_dist_es_08jt_5r._.js:4462
[ 1071964ms] [WARNING] Invalid keyframe value for property filter: blur(-0.03451px) @ http://localhost:3000/_next/static/chunks/node_modules_motion_dist_es_08jt_5r._.js:4462
[ 1071965ms] [WARNING] Invalid keyframe value for property filter: blur(-0.02893px) @ http://localhost:3000/_next/static/chunks/node_modules_motion_dist_es_08jt_5r._.js:4462
[ 1071965ms] [WARNING] Invalid keyframe value for property filter: blur(-0.02397px) @ http://localhost:3000/_next/static/chunks/node_modules_motion_dist_es_08jt_5r._.js:4462
[ 1071965ms] [WARNING] Invalid keyframe value for property filter: blur(-0.01959px) @ http://localhost:3000/_next/static/chunks/node_modules_motion_dist_es_08jt_5r._.js:4462
[ 1071965ms] [WARNING] Invalid keyframe value for property filter: blur(-0.01577px) @ http://localhost:3000/_next/static/chunks/node_modules_motion_dist_es_08jt_5r._.js:4462
[ 1071965ms] [WARNING] Invalid keyframe value for property filter: blur(-0.01247px) @ http://localhost:3000/_next/static/chunks/node_modules_motion_dist_es_08jt_5r._.js:4462
[ 1071965ms] [WARNING] Invalid keyframe value for property filter: blur(-0.00963px) @ http://localhost:3000/_next/static/chunks/node_modules_motion_dist_es_08jt_5r._.js:4462
[ 1071965ms] [WARNING] Invalid keyframe value for property filter: blur(-0.00723px) @ http://localhost:3000/_next/static/chunks/node_modules_motion_dist_es_08jt_5r._.js:4462
[ 1154540ms] [LOG] [Fast Refresh] rebuilding @ http://localhost:3000/_next/static/chunks/node_modules_next_dist_1ybzpk2._.js:2477
[ 1154544ms] [LOG] [Fast Refresh] done in 104ms @ http://localhost:3000/_next/static/chunks/node_modules_next_dist_1ybzpk2._.js:2477
