[     176ms] [INFO] %cDownload the React DevTools for a better development experience: https://react.dev/link/react-devtools font-weight:bold @ http://localhost:3000/_next/static/chunks/node_modules_next_dist_1ybzpk2._.js:2477
[     305ms] [LOG] [HMR] connected @ http://localhost:3000/_next/static/chunks/node_modules_next_dist_1ybzpk2._.js:2477
[  230889ms] [WARNING] Invalid keyframe value for property filter: blur(-0.03388px) @ http://localhost:3000/_next/static/chunks/node_modules_0io6gjh._.js:4689
[  230890ms] [WARNING] Invalid keyframe value for property filter: blur(-0.07179px) @ http://localhost:3000/_next/static/chunks/node_modules_0io6gjh._.js:4689
[  230890ms] [WARNING] Invalid keyframe value for property filter: blur(-0.09937px) @ http://localhost:3000/_next/static/chunks/node_modules_0io6gjh._.js:4689
[  230890ms] [WARNING] Invalid keyframe value for property filter: blur(-0.11838px) @ http://localhost:3000/_next/static/chunks/node_modules_0io6gjh._.js:4689
[  230890ms] [WARNING] Invalid keyframe value for property filter: blur(-0.13032px) @ http://localhost:3000/_next/static/chunks/node_modules_0io6gjh._.js:4689
[  230890ms] [WARNING] Invalid keyframe value for property filter: blur(-0.13656px) @ http://localhost:3000/_next/static/chunks/node_modules_0io6gjh._.js:4689
[  230890ms] [WARNING] Invalid keyframe value for property filter: blur(-0.13824px) @ http://localhost:3000/_next/static/chunks/node_modules_0io6gjh._.js:4689
[  230891ms] [WARNING] Invalid keyframe value for property filter: blur(-0.13639px) @ http://localhost:3000/_next/static/chunks/node_modules_0io6gjh._.js:4689
[  230891ms] [WARNING] Invalid keyframe value for property filter: blur(-0.13184px) @ http://localhost:3000/_next/static/chunks/node_modules_0io6gjh._.js:4689
[  230891ms] [WARNING] Invalid keyframe value for property filter: blur(-0.12532px) @ http://localhost:3000/_next/static/chunks/node_modules_0io6gjh._.js:4689
[  230891ms] [WARNING] Invalid keyframe value for property filter: blur(-0.11743px) @ http://localhost:3000/_next/static/chunks/node_modules_0io6gjh._.js:4689
[  230891ms] [WARNING] Invalid keyframe value for property filter: blur(-0.10866px) @ http://localhost:3000/_next/static/chunks/node_modules_0io6gjh._.js:4689
[  230891ms] [WARNING] Invalid keyframe value for property filter: blur(-0.09942px) @ http://localhost:3000/_next/static/chunks/node_modules_0io6gjh._.js:4689
[  230891ms] [WARNING] Invalid keyframe value for property filter: blur(-0.09003px) @ http://localhost:3000/_next/static/chunks/node_modules_0io6gjh._.js:4689
[  230891ms] [WARNING] Invalid keyframe value for property filter: blur(-0.08072px) @ http://localhost:3000/_next/static/chunks/node_modules_0io6gjh._.js:4689
[  230891ms] [WARNING] Invalid keyframe value for property filter: blur(-0.07171px) @ http://localhost:3000/_next/static/chunks/node_modules_0io6gjh._.js:4689
[  230892ms] [WARNING] Invalid keyframe value for property filter: blur(-0.06312px) @ http://localhost:3000/_next/static/chunks/node_modules_0io6gjh._.js:4689
[  230892ms] [WARNING] Invalid keyframe value for property filter: blur(-0.05505px) @ http://localhost:3000/_next/static/chunks/node_modules_0io6gjh._.js:4689
[  230892ms] [WARNING] Invalid keyframe value for property filter: blur(-0.04758px) @ http://localhost:3000/_next/static/chunks/node_modules_0io6gjh._.js:4689
[  230892ms] [WARNING] Invalid keyframe value for property filter: blur(-0.04072px) @ http://localhost:3000/_next/static/chunks/node_modules_0io6gjh._.js:4689
[  230892ms] [WARNING] Invalid keyframe value for property filter: blur(-0.03451px) @ http://localhost:3000/_next/static/chunks/node_modules_0io6gjh._.js:4689
[  230893ms] [WARNING] Invalid keyframe value for property filter: blur(-0.02893px) @ http://localhost:3000/_next/static/chunks/node_modules_0io6gjh._.js:4689
[  230893ms] [WARNING] Invalid keyframe value for property filter: blur(-0.02397px) @ http://localhost:3000/_next/static/chunks/node_modules_0io6gjh._.js:4689
[  230893ms] [WARNING] Invalid keyframe value for property filter: blur(-0.01959px) @ http://localhost:3000/_next/static/chunks/node_modules_0io6gjh._.js:4689
[  230893ms] [WARNING] Invalid keyframe value for property filter: blur(-0.01577px) @ http://localhost:3000/_next/static/chunks/node_modules_0io6gjh._.js:4689
[  230893ms] [WARNING] Invalid keyframe value for property filter: blur(-0.01247px) @ http://localhost:3000/_next/static/chunks/node_modules_0io6gjh._.js:4689
[  230894ms] [WARNING] Invalid keyframe value for property filter: blur(-0.00963px) @ http://localhost:3000/_next/static/chunks/node_modules_0io6gjh._.js:4689
[  230894ms] [WARNING] Invalid keyframe value for property filter: blur(-0.00723px) @ http://localhost:3000/_next/static/chunks/node_modules_0io6gjh._.js:4689
[  230911ms] [WARNING] Invalid keyframe value for property filter: blur(-0.03388px) @ http://localhost:3000/_next/static/chunks/node_modules_0io6gjh._.js:4689
[  230911ms] [WARNING] Invalid keyframe value for property filter: blur(-0.07179px) @ http://localhost:3000/_next/static/chunks/node_modules_0io6gjh._.js:4689
[  230912ms] [WARNING] Invalid keyframe value for property filter: blur(-0.09937px) @ http://localhost:3000/_next/static/chunks/node_modules_0io6gjh._.js:4689
[  230912ms] [WARNING] Invalid keyframe value for property filter: blur(-0.11838px) @ http://localhost:3000/_next/static/chunks/node_modules_0io6gjh._.js:4689
[  230912ms] [WARNING] Invalid keyframe value for property filter: blur(-0.13032px) @ http://localhost:3000/_next/static/chunks/node_modules_0io6gjh._.js:4689
[  230912ms] [WARNING] Invalid keyframe value for property filter: blur(-0.13656px) @ http://localhost:3000/_next/static/chunks/node_modules_0io6gjh._.js:4689
[  230912ms] [WARNING] Invalid keyframe value for property filter: blur(-0.13824px) @ http://localhost:3000/_next/static/chunks/node_modules_0io6gjh._.js:4689
[  230912ms] [WARNING] Invalid keyframe value for property filter: blur(-0.13639px) @ http://localhost:3000/_next/static/chunks/node_modules_0io6gjh._.js:4689
[  230912ms] [WARNING] Invalid keyframe value for property filter: blur(-0.13184px) @ http://localhost:3000/_next/static/chunks/node_modules_0io6gjh._.js:4689
[  230912ms] [WARNING] Invalid keyframe value for property filter: blur(-0.12532px) @ http://localhost:3000/_next/static/chunks/node_modules_0io6gjh._.js:4689
[  230912ms] [WARNING] Invalid keyframe value for property filter: blur(-0.11743px) @ http://localhost:3000/_next/static/chunks/node_modules_0io6gjh._.js:4689
[  230912ms] [WARNING] Invalid keyframe value for property filter: blur(-0.10866px) @ http://localhost:3000/_next/static/chunks/node_modules_0io6gjh._.js:4689
[  230912ms] [WARNING] Invalid keyframe value for property filter: blur(-0.09942px) @ http://localhost:3000/_next/static/chunks/node_modules_0io6gjh._.js:4689
[  230912ms] [WARNING] Invalid keyframe value for property filter: blur(-0.09003px) @ http://localhost:3000/_next/static/chunks/node_modules_0io6gjh._.js:4689
[  230912ms] [WARNING] Invalid keyframe value for property filter: blur(-0.08072px) @ http://localhost:3000/_next/static/chunks/node_modules_0io6gjh._.js:4689
[  230912ms] [WARNING] Invalid keyframe value for property filter: blur(-0.07171px) @ http://localhost:3000/_next/static/chunks/node_modules_0io6gjh._.js:4689
[  230912ms] [WARNING] Invalid keyframe value for property filter: blur(-0.06312px) @ http://localhost:3000/_next/static/chunks/node_modules_0io6gjh._.js:4689
[  230912ms] [WARNING] Invalid keyframe value for property filter: blur(-0.05505px) @ http://localhost:3000/_next/static/chunks/node_modules_0io6gjh._.js:4689
[  230912ms] [WARNING] Invalid keyframe value for property filter: blur(-0.04758px) @ http://localhost:3000/_next/static/chunks/node_modules_0io6gjh._.js:4689
[  230912ms] [WARNING] Invalid keyframe value for property filter: blur(-0.04072px) @ http://localhost:3000/_next/static/chunks/node_modules_0io6gjh._.js:4689
[  230912ms] [WARNING] Invalid keyframe value for property filter: blur(-0.03451px) @ http://localhost:3000/_next/static/chunks/node_modules_0io6gjh._.js:4689
[  230912ms] [WARNING] Invalid keyframe value for property filter: blur(-0.02893px) @ http://localhost:3000/_next/static/chunks/node_modules_0io6gjh._.js:4689
[  230912ms] [WARNING] Invalid keyframe value for property filter: blur(-0.02397px) @ http://localhost:3000/_next/static/chunks/node_modules_0io6gjh._.js:4689
[  230912ms] [WARNING] Invalid keyframe value for property filter: blur(-0.01959px) @ http://localhost:3000/_next/static/chunks/node_modules_0io6gjh._.js:4689
[  230913ms] [WARNING] Invalid keyframe value for property filter: blur(-0.01577px) @ http://localhost:3000/_next/static/chunks/node_modules_0io6gjh._.js:4689
[  230913ms] [WARNING] Invalid keyframe value for property filter: blur(-0.01247px) @ http://localhost:3000/_next/static/chunks/node_modules_0io6gjh._.js:4689
[  230913ms] [WARNING] Invalid keyframe value for property filter: blur(-0.00963px) @ http://localhost:3000/_next/static/chunks/node_modules_0io6gjh._.js:4689
[  230913ms] [WARNING] Invalid keyframe value for property filter: blur(-0.00723px) @ http://localhost:3000/_next/static/chunks/node_modules_0io6gjh._.js:4689
[  231020ms] [LOG] [Fast Refresh] rebuilding @ http://localhost:3000/_next/static/chunks/node_modules_next_dist_1ybzpk2._.js:2477
[  231108ms] [LOG] [Fast Refresh] done in 188ms @ http://localhost:3000/_next/static/chunks/node_modules_next_dist_1ybzpk2._.js:2477
[  466496ms] [LOG] [Fast Refresh] rebuilding @ http://localhost:3000/_next/static/chunks/node_modules_next_dist_1ybzpk2._.js:2477
[  466600ms] [LOG] [Fast Refresh] done in 204ms @ http://localhost:3000/_next/static/chunks/node_modules_next_dist_1ybzpk2._.js:2477
[  600100ms] [WARNING] Invalid keyframe value for property filter: blur(-0.03388px) @ http://localhost:3000/_next/static/chunks/node_modules_0io6gjh._.js:4689
[  600101ms] [WARNING] Invalid keyframe value for property filter: blur(-0.07179px) @ http://localhost:3000/_next/static/chunks/node_modules_0io6gjh._.js:4689
[  600101ms] [WARNING] Invalid keyframe value for property filter: blur(-0.09937px) @ http://localhost:3000/_next/static/chunks/node_modules_0io6gjh._.js:4689
[  600101ms] [WARNING] Invalid keyframe value for property filter: blur(-0.11838px) @ http://localhost:3000/_next/static/chunks/node_modules_0io6gjh._.js:4689
[  600101ms] [WARNING] Invalid keyframe value for property filter: blur(-0.13032px) @ http://localhost:3000/_next/static/chunks/node_modules_0io6gjh._.js:4689
[  600101ms] [WARNING] Invalid keyframe value for property filter: blur(-0.13656px) @ http://localhost:3000/_next/static/chunks/node_modules_0io6gjh._.js:4689
[  600101ms] [WARNING] Invalid keyframe value for property filter: blur(-0.13824px) @ http://localhost:3000/_next/static/chunks/node_modules_0io6gjh._.js:4689
[  600101ms] [WARNING] Invalid keyframe value for property filter: blur(-0.13639px) @ http://localhost:3000/_next/static/chunks/node_modules_0io6gjh._.js:4689
[  600102ms] [WARNING] Invalid keyframe value for property filter: blur(-0.13184px) @ http://localhost:3000/_next/static/chunks/node_modules_0io6gjh._.js:4689
[  600102ms] [WARNING] Invalid keyframe value for property filter: blur(-0.12532px) @ http://localhost:3000/_next/static/chunks/node_modules_0io6gjh._.js:4689
[  600102ms] [WARNING] Invalid keyframe value for property filter: blur(-0.11743px) @ http://localhost:3000/_next/static/chunks/node_modules_0io6gjh._.js:4689
[  600102ms] [WARNING] Invalid keyframe value for property filter: blur(-0.10866px) @ http://localhost:3000/_next/static/chunks/node_modules_0io6gjh._.js:4689
[  600102ms] [WARNING] Invalid keyframe value for property filter: blur(-0.09942px) @ http://localhost:3000/_next/static/chunks/node_modules_0io6gjh._.js:4689
[  600102ms] [WARNING] Invalid keyframe value for property filter: blur(-0.09003px) @ http://localhost:3000/_next/static/chunks/node_modules_0io6gjh._.js:4689
[  600103ms] [WARNING] Invalid keyframe value for property filter: blur(-0.08072px) @ http://localhost:3000/_next/static/chunks/node_modules_0io6gjh._.js:4689
[  600103ms] [WARNING] Invalid keyframe value for property filter: blur(-0.07171px) @ http://localhost:3000/_next/static/chunks/node_modules_0io6gjh._.js:4689
[  600103ms] [WARNING] Invalid keyframe value for property filter: blur(-0.06312px) @ http://localhost:3000/_next/static/chunks/node_modules_0io6gjh._.js:4689
[  600103ms] [WARNING] Invalid keyframe value for property filter: blur(-0.05505px) @ http://localhost:3000/_next/static/chunks/node_modules_0io6gjh._.js:4689
[  600104ms] [WARNING] Invalid keyframe value for property filter: blur(-0.04758px) @ http://localhost:3000/_next/static/chunks/node_modules_0io6gjh._.js:4689
[  600104ms] [WARNING] Invalid keyframe value for property filter: blur(-0.04072px) @ http://localhost:3000/_next/static/chunks/node_modules_0io6gjh._.js:4689
[  600105ms] [WARNING] Invalid keyframe value for property filter: blur(-0.03451px) @ http://localhost:3000/_next/static/chunks/node_modules_0io6gjh._.js:4689
[  600105ms] [WARNING] Invalid keyframe value for property filter: blur(-0.02893px) @ http://localhost:3000/_next/static/chunks/node_modules_0io6gjh._.js:4689
[  600105ms] [WARNING] Invalid keyframe value for property filter: blur(-0.02397px) @ http://localhost:3000/_next/static/chunks/node_modules_0io6gjh._.js:4689
[  600105ms] [WARNING] Invalid keyframe value for property filter: blur(-0.01959px) @ http://localhost:3000/_next/static/chunks/node_modules_0io6gjh._.js:4689
[  600105ms] [WARNING] Invalid keyframe value for property filter: blur(-0.01577px) @ http://localhost:3000/_next/static/chunks/node_modules_0io6gjh._.js:4689
[  600106ms] [WARNING] Invalid keyframe value for property filter: blur(-0.01247px) @ http://localhost:3000/_next/static/chunks/node_modules_0io6gjh._.js:4689
[  600106ms] [WARNING] Invalid keyframe value for property filter: blur(-0.00963px) @ http://localhost:3000/_next/static/chunks/node_modules_0io6gjh._.js:4689
[  600106ms] [WARNING] Invalid keyframe value for property filter: blur(-0.00723px) @ http://localhost:3000/_next/static/chunks/node_modules_0io6gjh._.js:4689
[  600113ms] [WARNING] Invalid keyframe value for property filter: blur(-0.03388px) @ http://localhost:3000/_next/static/chunks/node_modules_0io6gjh._.js:4689
[  600113ms] [WARNING] Invalid keyframe value for property filter: blur(-0.07179px) @ http://localhost:3000/_next/static/chunks/node_modules_0io6gjh._.js:4689
[  600113ms] [WARNING] Invalid keyframe value for property filter: blur(-0.09937px) @ http://localhost:3000/_next/static/chunks/node_modules_0io6gjh._.js:4689
[  600113ms] [WARNING] Invalid keyframe value for property filter: blur(-0.11838px) @ http://localhost:3000/_next/static/chunks/node_modules_0io6gjh._.js:4689
[  600113ms] [WARNING] Invalid keyframe value for property filter: blur(-0.13032px) @ http://localhost:3000/_next/static/chunks/node_modules_0io6gjh._.js:4689
[  600113ms] [WARNING] Invalid keyframe value for property filter: blur(-0.13656px) @ http://localhost:3000/_next/static/chunks/node_modules_0io6gjh._.js:4689
[  600113ms] [WARNING] Invalid keyframe value for property filter: blur(-0.13824px) @ http://localhost:3000/_next/static/chunks/node_modules_0io6gjh._.js:4689
[  600113ms] [WARNING] Invalid keyframe value for property filter: blur(-0.13639px) @ http://localhost:3000/_next/static/chunks/node_modules_0io6gjh._.js:4689
[  600113ms] [WARNING] Invalid keyframe value for property filter: blur(-0.13184px) @ http://localhost:3000/_next/static/chunks/node_modules_0io6gjh._.js:4689
[  600113ms] [WARNING] Invalid keyframe value for property filter: blur(-0.12532px) @ http://localhost:3000/_next/static/chunks/node_modules_0io6gjh._.js:4689
[  600113ms] [WARNING] Invalid keyframe value for property filter: blur(-0.11743px) @ http://localhost:3000/_next/static/chunks/node_modules_0io6gjh._.js:4689
[  600113ms] [WARNING] Invalid keyframe value for property filter: blur(-0.10866px) @ http://localhost:3000/_next/static/chunks/node_modules_0io6gjh._.js:4689
[  600113ms] [WARNING] Invalid keyframe value for property filter: blur(-0.09942px) @ http://localhost:3000/_next/static/chunks/node_modules_0io6gjh._.js:4689
[  600113ms] [WARNING] Invalid keyframe value for property filter: blur(-0.09003px) @ http://localhost:3000/_next/static/chunks/node_modules_0io6gjh._.js:4689
[  600113ms] [WARNING] Invalid keyframe value for property filter: blur(-0.08072px) @ http://localhost:3000/_next/static/chunks/node_modules_0io6gjh._.js:4689
[  600113ms] [WARNING] Invalid keyframe value for property filter: blur(-0.07171px) @ http://localhost:3000/_next/static/chunks/node_modules_0io6gjh._.js:4689
[  600114ms] [WARNING] Invalid keyframe value for property filter: blur(-0.06312px) @ http://localhost:3000/_next/static/chunks/node_modules_0io6gjh._.js:4689
[  600114ms] [WARNING] Invalid keyframe value for property filter: blur(-0.05505px) @ http://localhost:3000/_next/static/chunks/node_modules_0io6gjh._.js:4689
[  600114ms] [WARNING] Invalid keyframe value for property filter: blur(-0.04758px) @ http://localhost:3000/_next/static/chunks/node_modules_0io6gjh._.js:4689
[  600114ms] [WARNING] Invalid keyframe value for property filter: blur(-0.04072px) @ http://localhost:3000/_next/static/chunks/node_modules_0io6gjh._.js:4689
[  600114ms] [WARNING] Invalid keyframe value for property filter: blur(-0.03451px) @ http://localhost:3000/_next/static/chunks/node_modules_0io6gjh._.js:4689
[  600114ms] [WARNING] Invalid keyframe value for property filter: blur(-0.02893px) @ http://localhost:3000/_next/static/chunks/node_modules_0io6gjh._.js:4689
[  600114ms] [WARNING] Invalid keyframe value for property filter: blur(-0.02397px) @ http://localhost:3000/_next/static/chunks/node_modules_0io6gjh._.js:4689
[  600114ms] [WARNING] Invalid keyframe value for property filter: blur(-0.01959px) @ http://localhost:3000/_next/static/chunks/node_modules_0io6gjh._.js:4689
[  600114ms] [WARNING] Invalid keyframe value for property filter: blur(-0.01577px) @ http://localhost:3000/_next/static/chunks/node_modules_0io6gjh._.js:4689
[  600114ms] [WARNING] Invalid keyframe value for property filter: blur(-0.01247px) @ http://localhost:3000/_next/static/chunks/node_modules_0io6gjh._.js:4689
[  600114ms] [WARNING] Invalid keyframe value for property filter: blur(-0.00963px) @ http://localhost:3000/_next/static/chunks/node_modules_0io6gjh._.js:4689
[  600114ms] [WARNING] Invalid keyframe value for property filter: blur(-0.00723px) @ http://localhost:3000/_next/static/chunks/node_modules_0io6gjh._.js:4689
[  600233ms] [LOG] [Fast Refresh] rebuilding @ http://localhost:3000/_next/static/chunks/node_modules_next_dist_1ybzpk2._.js:2477
[  600305ms] [LOG] [Fast Refresh] done in 173ms @ http://localhost:3000/_next/static/chunks/node_modules_next_dist_1ybzpk2._.js:2477
